{"C:\\index\\index-navigator\\src\\components\\layout\\header\\account-switcher.tsx": {"path":"C:\\index\\index-navigator\\src\\components\\layout\\header\\account-switcher.tsx","all":false,"statementMap":{"0":{"start":{"line":1,"column":0},"end":{"line":1,"column":74}},"1":{"start":{"line":2,"column":0},"end":{"line":2,"column":36}},"2":{"start":{"line":3,"column":0},"end":{"line":3,"column":43}},"3":{"start":{"line":4,"column":0},"end":{"line":4,"column":89}},"4":{"start":{"line":5,"column":0},"end":{"line":5,"column":47}},"5":{"start":{"line":6,"column":0},"end":{"line":6,"column":73}},"6":{"start":{"line":7,"column":0},"end":{"line":7,"column":48}},"7":{"start":{"line":8,"column":0},"end":{"line":8,"column":66}},"8":{"start":{"line":9,"column":0},"end":{"line":9,"column":44}},"9":{"start":{"line":10,"column":0},"end":{"line":10,"column":56}},"10":{"start":{"line":11,"column":0},"end":{"line":11,"column":71}},"11":{"start":{"line":12,"column":0},"end":{"line":12,"column":51}},"12":{"start":{"line":13,"column":0},"end":{"line":13,"column":50}},"13":{"start":{"line":14,"column":0},"end":{"line":14,"column":56}},"14":{"start":{"line":15,"column":0},"end":{"line":15,"column":33}},"15":{"start":{"line":16,"column":0},"end":{"line":16,"column":0}},"16":{"start":{"line":17,"column":0},"end":{"line":17,"column":75}},"17":{"start":{"line":18,"column":0},"end":{"line":18,"column":48}},"18":{"start":{"line":19,"column":0},"end":{"line":19,"column":52}},"19":{"start":{"line":20,"column":0},"end":{"line":20,"column":56}},"20":{"start":{"line":21,"column":0},"end":{"line":21,"column":51}},"21":{"start":{"line":22,"column":0},"end":{"line":22,"column":0}},"22":{"start":{"line":23,"column":0},"end":{"line":23,"column":81}},"23":{"start":{"line":24,"column":0},"end":{"line":24,"column":114}},"24":{"start":{"line":25,"column":0},"end":{"line":25,"column":19}},"25":{"start":{"line":26,"column":0},"end":{"line":26,"column":6}},"26":{"start":{"line":27,"column":0},"end":{"line":27,"column":0}},"27":{"start":{"line":28,"column":0},"end":{"line":28,"column":72}},"28":{"start":{"line":29,"column":0},"end":{"line":29,"column":68}},"29":{"start":{"line":30,"column":0},"end":{"line":30,"column":0}},"30":{"start":{"line":31,"column":0},"end":{"line":31,"column":21}},"31":{"start":{"line":32,"column":0},"end":{"line":32,"column":55}},"32":{"start":{"line":33,"column":0},"end":{"line":33,"column":87}},"33":{"start":{"line":34,"column":0},"end":{"line":34,"column":33}},"34":{"start":{"line":35,"column":0},"end":{"line":35,"column":13}},"35":{"start":{"line":36,"column":0},"end":{"line":36,"column":10}},"36":{"start":{"line":37,"column":0},"end":{"line":37,"column":53}},"37":{"start":{"line":38,"column":0},"end":{"line":38,"column":53}},"38":{"start":{"line":39,"column":0},"end":{"line":39,"column":10}},"39":{"start":{"line":40,"column":0},"end":{"line":40,"column":67}},"40":{"start":{"line":41,"column":0},"end":{"line":41,"column":60}},"41":{"start":{"line":42,"column":0},"end":{"line":42,"column":22}},"42":{"start":{"line":43,"column":0},"end":{"line":43,"column":74}},"43":{"start":{"line":44,"column":0},"end":{"line":44,"column":67}},"44":{"start":{"line":45,"column":0},"end":{"line":45,"column":10}},"45":{"start":{"line":46,"column":0},"end":{"line":46,"column":11}},"46":{"start":{"line":47,"column":0},"end":{"line":47,"column":0}},"47":{"start":{"line":48,"column":0},"end":{"line":48,"column":46}},"48":{"start":{"line":49,"column":0},"end":{"line":49,"column":54}},"49":{"start":{"line":50,"column":0},"end":{"line":50,"column":33}},"50":{"start":{"line":51,"column":0},"end":{"line":51,"column":42}},"51":{"start":{"line":52,"column":0},"end":{"line":52,"column":0}},"52":{"start":{"line":53,"column":0},"end":{"line":53,"column":44}},"53":{"start":{"line":54,"column":0},"end":{"line":54,"column":38}},"54":{"start":{"line":55,"column":0},"end":{"line":55,"column":78}},"55":{"start":{"line":56,"column":0},"end":{"line":56,"column":79}},"56":{"start":{"line":57,"column":0},"end":{"line":57,"column":67}},"57":{"start":{"line":58,"column":0},"end":{"line":58,"column":50}},"58":{"start":{"line":59,"column":0},"end":{"line":59,"column":29}},"59":{"start":{"line":60,"column":0},"end":{"line":60,"column":10}},"60":{"start":{"line":61,"column":0},"end":{"line":61,"column":16}},"61":{"start":{"line":62,"column":0},"end":{"line":62,"column":6}},"62":{"start":{"line":63,"column":0},"end":{"line":63,"column":0}},"63":{"start":{"line":64,"column":0},"end":{"line":64,"column":87}},"64":{"start":{"line":65,"column":0},"end":{"line":65,"column":45}},"65":{"start":{"line":66,"column":0},"end":{"line":66,"column":88}},"66":{"start":{"line":67,"column":0},"end":{"line":67,"column":60}},"67":{"start":{"line":68,"column":0},"end":{"line":68,"column":107}},"68":{"start":{"line":69,"column":0},"end":{"line":69,"column":94}},"69":{"start":{"line":70,"column":0},"end":{"line":70,"column":13}},"70":{"start":{"line":71,"column":0},"end":{"line":71,"column":102}},"71":{"start":{"line":72,"column":0},"end":{"line":72,"column":10}},"72":{"start":{"line":73,"column":0},"end":{"line":73,"column":65}},"73":{"start":{"line":74,"column":0},"end":{"line":74,"column":6}},"74":{"start":{"line":75,"column":0},"end":{"line":75,"column":0}},"75":{"start":{"line":76,"column":0},"end":{"line":76,"column":45}},"76":{"start":{"line":77,"column":0},"end":{"line":77,"column":36}},"77":{"start":{"line":78,"column":0},"end":{"line":78,"column":26}},"78":{"start":{"line":79,"column":0},"end":{"line":79,"column":29}},"79":{"start":{"line":80,"column":0},"end":{"line":80,"column":94}},"80":{"start":{"line":81,"column":0},"end":{"line":81,"column":53}},"81":{"start":{"line":82,"column":0},"end":{"line":82,"column":43}},"82":{"start":{"line":83,"column":0},"end":{"line":83,"column":40}},"83":{"start":{"line":84,"column":0},"end":{"line":84,"column":61}},"84":{"start":{"line":85,"column":0},"end":{"line":85,"column":59}},"85":{"start":{"line":86,"column":0},"end":{"line":86,"column":0}},"86":{"start":{"line":87,"column":0},"end":{"line":87,"column":24}},"87":{"start":{"line":88,"column":0},"end":{"line":88,"column":45}},"88":{"start":{"line":89,"column":0},"end":{"line":89,"column":47}},"89":{"start":{"line":90,"column":0},"end":{"line":90,"column":59}},"90":{"start":{"line":91,"column":0},"end":{"line":91,"column":62}},"91":{"start":{"line":92,"column":0},"end":{"line":92,"column":87}},"92":{"start":{"line":93,"column":0},"end":{"line":93,"column":18}},"93":{"start":{"line":94,"column":0},"end":{"line":94,"column":14}},"94":{"start":{"line":95,"column":0},"end":{"line":95,"column":68}},"95":{"start":{"line":96,"column":0},"end":{"line":96,"column":120}},"96":{"start":{"line":97,"column":0},"end":{"line":97,"column":0}},"97":{"start":{"line":98,"column":0},"end":{"line":98,"column":36}},"98":{"start":{"line":99,"column":0},"end":{"line":99,"column":0}},"99":{"start":{"line":100,"column":0},"end":{"line":100,"column":59}},"100":{"start":{"line":101,"column":0},"end":{"line":101,"column":60}},"101":{"start":{"line":102,"column":0},"end":{"line":102,"column":0}},"102":{"start":{"line":103,"column":0},"end":{"line":103,"column":80}},"103":{"start":{"line":104,"column":0},"end":{"line":104,"column":95}},"104":{"start":{"line":105,"column":0},"end":{"line":105,"column":38}},"105":{"start":{"line":106,"column":0},"end":{"line":106,"column":28}},"106":{"start":{"line":107,"column":0},"end":{"line":107,"column":29}},"107":{"start":{"line":108,"column":0},"end":{"line":108,"column":31}},"108":{"start":{"line":109,"column":0},"end":{"line":109,"column":47}},"109":{"start":{"line":110,"column":0},"end":{"line":110,"column":0}},"110":{"start":{"line":111,"column":0},"end":{"line":111,"column":26}},"111":{"start":{"line":112,"column":0},"end":{"line":112,"column":63}},"112":{"start":{"line":113,"column":0},"end":{"line":113,"column":85}},"113":{"start":{"line":114,"column":0},"end":{"line":114,"column":22}},"114":{"start":{"line":115,"column":0},"end":{"line":115,"column":0}},"115":{"start":{"line":116,"column":0},"end":{"line":116,"column":12}},"116":{"start":{"line":117,"column":0},"end":{"line":117,"column":60}},"117":{"start":{"line":118,"column":0},"end":{"line":118,"column":32}},"118":{"start":{"line":119,"column":0},"end":{"line":119,"column":20}},"119":{"start":{"line":120,"column":0},"end":{"line":120,"column":45}},"120":{"start":{"line":121,"column":0},"end":{"line":121,"column":54}},"121":{"start":{"line":122,"column":0},"end":{"line":122,"column":61}},"122":{"start":{"line":123,"column":0},"end":{"line":123,"column":51}},"123":{"start":{"line":124,"column":0},"end":{"line":124,"column":68}},"124":{"start":{"line":125,"column":0},"end":{"line":125,"column":71}},"125":{"start":{"line":126,"column":0},"end":{"line":126,"column":55}},"126":{"start":{"line":127,"column":0},"end":{"line":127,"column":89}},"127":{"start":{"line":128,"column":0},"end":{"line":128,"column":61}},"128":{"start":{"line":129,"column":0},"end":{"line":129,"column":23}},"129":{"start":{"line":130,"column":0},"end":{"line":130,"column":44}},"130":{"start":{"line":131,"column":0},"end":{"line":131,"column":37}},"131":{"start":{"line":132,"column":0},"end":{"line":132,"column":82}},"132":{"start":{"line":133,"column":0},"end":{"line":133,"column":47}},"133":{"start":{"line":134,"column":0},"end":{"line":134,"column":45}},"134":{"start":{"line":135,"column":0},"end":{"line":135,"column":25}},"135":{"start":{"line":136,"column":0},"end":{"line":136,"column":22}},"136":{"start":{"line":137,"column":0},"end":{"line":137,"column":17}},"137":{"start":{"line":138,"column":0},"end":{"line":138,"column":77}},"138":{"start":{"line":139,"column":0},"end":{"line":139,"column":74}},"139":{"start":{"line":140,"column":0},"end":{"line":140,"column":78}},"140":{"start":{"line":141,"column":0},"end":{"line":141,"column":27}},"141":{"start":{"line":142,"column":0},"end":{"line":142,"column":55}},"142":{"start":{"line":143,"column":0},"end":{"line":143,"column":71}},"143":{"start":{"line":144,"column":0},"end":{"line":144,"column":126}},"144":{"start":{"line":145,"column":0},"end":{"line":145,"column":63}},"145":{"start":{"line":146,"column":0},"end":{"line":146,"column":81}},"146":{"start":{"line":147,"column":0},"end":{"line":147,"column":49}},"147":{"start":{"line":148,"column":0},"end":{"line":148,"column":81}},"148":{"start":{"line":149,"column":0},"end":{"line":149,"column":37}},"149":{"start":{"line":150,"column":0},"end":{"line":150,"column":81}},"150":{"start":{"line":151,"column":0},"end":{"line":151,"column":34}},"151":{"start":{"line":152,"column":0},"end":{"line":152,"column":35}},"152":{"start":{"line":153,"column":0},"end":{"line":153,"column":111}},"153":{"start":{"line":154,"column":0},"end":{"line":154,"column":45}},"154":{"start":{"line":155,"column":0},"end":{"line":155,"column":37}},"155":{"start":{"line":156,"column":0},"end":{"line":156,"column":85}},"156":{"start":{"line":157,"column":0},"end":{"line":157,"column":81}},"157":{"start":{"line":158,"column":0},"end":{"line":158,"column":39}},"158":{"start":{"line":159,"column":0},"end":{"line":159,"column":33}},"159":{"start":{"line":160,"column":0},"end":{"line":160,"column":96}},"160":{"start":{"line":161,"column":0},"end":{"line":161,"column":45}},"161":{"start":{"line":162,"column":0},"end":{"line":162,"column":61}},"162":{"start":{"line":163,"column":0},"end":{"line":163,"column":65}},"163":{"start":{"line":164,"column":0},"end":{"line":164,"column":61}},"164":{"start":{"line":165,"column":0},"end":{"line":165,"column":65}},"165":{"start":{"line":166,"column":0},"end":{"line":166,"column":66}},"166":{"start":{"line":167,"column":0},"end":{"line":167,"column":42}},"167":{"start":{"line":168,"column":0},"end":{"line":168,"column":42}},"168":{"start":{"line":169,"column":0},"end":{"line":169,"column":39}},"169":{"start":{"line":170,"column":0},"end":{"line":170,"column":30}},"170":{"start":{"line":171,"column":0},"end":{"line":171,"column":30}},"171":{"start":{"line":172,"column":0},"end":{"line":172,"column":75}},"172":{"start":{"line":173,"column":0},"end":{"line":173,"column":71}},"173":{"start":{"line":174,"column":0},"end":{"line":174,"column":34}},"174":{"start":{"line":175,"column":0},"end":{"line":175,"column":60}},"175":{"start":{"line":176,"column":0},"end":{"line":176,"column":80}},"176":{"start":{"line":177,"column":0},"end":{"line":177,"column":98}},"177":{"start":{"line":178,"column":0},"end":{"line":178,"column":39}},"178":{"start":{"line":179,"column":0},"end":{"line":179,"column":33}},"179":{"start":{"line":180,"column":0},"end":{"line":180,"column":50}},"180":{"start":{"line":181,"column":0},"end":{"line":181,"column":93}},"181":{"start":{"line":182,"column":0},"end":{"line":182,"column":41}},"182":{"start":{"line":183,"column":0},"end":{"line":183,"column":95}},"183":{"start":{"line":184,"column":0},"end":{"line":184,"column":38}},"184":{"start":{"line":185,"column":0},"end":{"line":185,"column":36}},"185":{"start":{"line":186,"column":0},"end":{"line":186,"column":34}},"186":{"start":{"line":187,"column":0},"end":{"line":187,"column":26}},"187":{"start":{"line":188,"column":0},"end":{"line":188,"column":26}},"188":{"start":{"line":189,"column":0},"end":{"line":189,"column":84}},"189":{"start":{"line":190,"column":0},"end":{"line":190,"column":22}},"190":{"start":{"line":191,"column":0},"end":{"line":191,"column":33}},"191":{"start":{"line":192,"column":0},"end":{"line":192,"column":0}},"192":{"start":{"line":193,"column":0},"end":{"line":193,"column":24}},"193":{"start":{"line":194,"column":0},"end":{"line":194,"column":61}},"194":{"start":{"line":195,"column":0},"end":{"line":195,"column":55}},"195":{"start":{"line":196,"column":0},"end":{"line":196,"column":51}},"196":{"start":{"line":197,"column":0},"end":{"line":197,"column":32}},"197":{"start":{"line":198,"column":0},"end":{"line":198,"column":45}},"198":{"start":{"line":199,"column":0},"end":{"line":199,"column":64}},"199":{"start":{"line":200,"column":0},"end":{"line":200,"column":44}},"200":{"start":{"line":201,"column":0},"end":{"line":201,"column":80}},"201":{"start":{"line":202,"column":0},"end":{"line":202,"column":88}},"202":{"start":{"line":203,"column":0},"end":{"line":203,"column":88}},"203":{"start":{"line":204,"column":0},"end":{"line":204,"column":35}},"204":{"start":{"line":205,"column":0},"end":{"line":205,"column":105}},"205":{"start":{"line":206,"column":0},"end":{"line":206,"column":49}},"206":{"start":{"line":207,"column":0},"end":{"line":207,"column":100}},"207":{"start":{"line":208,"column":0},"end":{"line":208,"column":59}},"208":{"start":{"line":209,"column":0},"end":{"line":209,"column":77}},"209":{"start":{"line":210,"column":0},"end":{"line":210,"column":37}},"210":{"start":{"line":211,"column":0},"end":{"line":211,"column":34}},"211":{"start":{"line":212,"column":0},"end":{"line":212,"column":29}},"212":{"start":{"line":213,"column":0},"end":{"line":213,"column":37}},"213":{"start":{"line":214,"column":0},"end":{"line":214,"column":47}},"214":{"start":{"line":215,"column":0},"end":{"line":215,"column":89}},"215":{"start":{"line":216,"column":0},"end":{"line":216,"column":97}},"216":{"start":{"line":217,"column":0},"end":{"line":217,"column":39}},"217":{"start":{"line":218,"column":0},"end":{"line":218,"column":33}},"218":{"start":{"line":219,"column":0},"end":{"line":219,"column":58}},"219":{"start":{"line":220,"column":0},"end":{"line":220,"column":85}},"220":{"start":{"line":221,"column":0},"end":{"line":221,"column":41}},"221":{"start":{"line":222,"column":0},"end":{"line":222,"column":85}},"222":{"start":{"line":223,"column":0},"end":{"line":223,"column":38}},"223":{"start":{"line":224,"column":0},"end":{"line":224,"column":39}},"224":{"start":{"line":225,"column":0},"end":{"line":225,"column":96}},"225":{"start":{"line":226,"column":0},"end":{"line":226,"column":57}},"226":{"start":{"line":227,"column":0},"end":{"line":227,"column":104}},"227":{"start":{"line":228,"column":0},"end":{"line":228,"column":41}},"228":{"start":{"line":229,"column":0},"end":{"line":229,"column":93}},"229":{"start":{"line":230,"column":0},"end":{"line":230,"column":38}},"230":{"start":{"line":231,"column":0},"end":{"line":231,"column":39}},"231":{"start":{"line":232,"column":0},"end":{"line":232,"column":34}},"232":{"start":{"line":233,"column":0},"end":{"line":233,"column":0}},"233":{"start":{"line":234,"column":0},"end":{"line":234,"column":30}},"234":{"start":{"line":235,"column":0},"end":{"line":235,"column":23}},"235":{"start":{"line":236,"column":0},"end":{"line":236,"column":22}},"236":{"start":{"line":237,"column":0},"end":{"line":237,"column":14}},"237":{"start":{"line":238,"column":0},"end":{"line":238,"column":14}},"238":{"start":{"line":239,"column":0},"end":{"line":239,"column":6}},"239":{"start":{"line":240,"column":0},"end":{"line":240,"column":3}},"240":{"start":{"line":241,"column":0},"end":{"line":241,"column":0}},"241":{"start":{"line":242,"column":0},"end":{"line":242,"column":31}}},"s":{"0":1,"1":1,"2":1,"3":1,"4":1,"5":1,"6":1,"7":1,"8":1,"9":1,"10":1,"11":1,"12":1,"13":1,"14":1,"15":1,"16":1,"17":24,"18":24,"19":24,"20":24,"21":24,"22":24,"23":24,"24":24,"25":24,"26":24,"27":24,"28":24,"29":24,"30":24,"31":13,"32":1,"33":1,"34":1,"35":13,"36":13,"37":1,"38":13,"39":13,"40":13,"41":13,"42":13,"43":13,"44":13,"45":24,"46":24,"47":24,"48":11,"49":8,"50":24,"51":24,"52":24,"53":24,"54":1,"55":1,"56":1,"57":1,"58":1,"59":24,"60":24,"61":24,"62":24,"63":24,"64":24,"65":24,"66":25,"67":25,"68":1,"69":1,"70":25,"71":24,"72":24,"73":24,"74":24,"75":24,"76":13,"77":13,"78":13,"79":25,"80":25,"81":25,"82":25,"83":25,"84":25,"85":25,"86":25,"87":25,"88":25,"89":25,"90":25,"91":25,"92":25,"93":13,"94":13,"95":24,"96":24,"97":24,"98":23,"99":23,"100":24,"101":24,"102":24,"103":24,"104":24,"105":24,"106":24,"107":24,"108":24,"109":24,"110":24,"111":24,"112":24,"113":24,"114":24,"115":24,"116":24,"117":24,"118":24,"119":24,"120":24,"121":24,"122":24,"123":24,"124":24,"125":24,"126":24,"127":24,"128":24,"129":24,"130":24,"131":0,"132":0,"133":0,"134":0,"135":24,"136":24,"137":24,"138":24,"139":24,"140":24,"141":24,"142":24,"143":24,"144":24,"145":0,"146":24,"147":0,"148":23,"149":23,"150":24,"151":24,"152":24,"153":24,"154":20,"155":20,"156":20,"157":20,"158":20,"159":20,"160":20,"161":20,"162":20,"163":20,"164":20,"165":20,"166":20,"167":20,"168":20,"169":24,"170":24,"171":24,"172":23,"173":23,"174":23,"175":23,"176":23,"177":23,"178":23,"179":23,"180":0,"181":23,"182":23,"183":23,"184":23,"185":23,"186":24,"187":24,"188":24,"189":24,"190":24,"191":24,"192":24,"193":8,"194":8,"195":16,"196":16,"197":16,"198":16,"199":16,"200":16,"201":16,"202":16,"203":16,"204":16,"205":16,"206":0,"207":0,"208":0,"209":0,"210":16,"211":16,"212":16,"213":16,"214":16,"215":16,"216":16,"217":16,"218":16,"219":8,"220":16,"221":8,"222":16,"223":16,"224":16,"225":16,"226":16,"227":16,"228":0,"229":16,"230":16,"231":16,"232":16,"233":16,"234":8,"235":8,"236":24,"237":24,"238":24,"239":1,"240":1,"241":1},"branchMap":{"0":{"type":"branch","line":17,"loc":{"start":{"line":17,"column":33},"end":{"line":240,"column":2}},"locations":[{"start":{"line":17,"column":33},"end":{"line":240,"column":2}}]},"1":{"type":"branch","line":21,"loc":{"start":{"line":21,"column":44},"end":{"line":21,"column":50}},"locations":[{"start":{"line":21,"column":44},"end":{"line":21,"column":50}}]},"2":{"type":"branch","line":28,"loc":{"start":{"line":28,"column":48},"end":{"line":28,"column":71}},"locations":[{"start":{"line":28,"column":48},"end":{"line":28,"column":71}}]},"3":{"type":"branch","line":98,"loc":{"start":{"line":98,"column":24},"end":{"line":98,"column":36}},"locations":[{"start":{"line":98,"column":24},"end":{"line":98,"column":36}}]},"4":{"type":"branch","line":99,"loc":{"start":{"line":99,"column":-2},"end":{"line":101,"column":44}},"locations":[{"start":{"line":99,"column":-2},"end":{"line":101,"column":44}}]},"5":{"type":"branch","line":101,"loc":{"start":{"line":101,"column":40},"end":{"line":101,"column":59}},"locations":[{"start":{"line":101,"column":40},"end":{"line":101,"column":59}}]},"6":{"type":"branch","line":106,"loc":{"start":{"line":106,"column":25},"end":{"line":107,"column":26}},"locations":[{"start":{"line":106,"column":25},"end":{"line":107,"column":26}}]},"7":{"type":"branch","line":107,"loc":{"start":{"line":107,"column":26},"end":{"line":108,"column":28}},"locations":[{"start":{"line":107,"column":26},"end":{"line":108,"column":28}}]},"8":{"type":"branch","line":108,"loc":{"start":{"line":108,"column":28},"end":{"line":109,"column":46}},"locations":[{"start":{"line":108,"column":28},"end":{"line":109,"column":46}}]},"9":{"type":"branch","line":112,"loc":{"start":{"line":112,"column":34},"end":{"line":112,"column":63}},"locations":[{"start":{"line":112,"column":34},"end":{"line":112,"column":63}}]},"10":{"type":"branch","line":113,"loc":{"start":{"line":113,"column":12},"end":{"line":113,"column":85}},"locations":[{"start":{"line":113,"column":12},"end":{"line":113,"column":85}}]},"11":{"type":"branch","line":114,"loc":{"start":{"line":114,"column":12},"end":{"line":114,"column":21}},"locations":[{"start":{"line":114,"column":12},"end":{"line":114,"column":21}}]},"12":{"type":"branch","line":122,"loc":{"start":{"line":122,"column":38},"end":{"line":122,"column":48}},"locations":[{"start":{"line":122,"column":38},"end":{"line":122,"column":48}}]},"13":{"type":"branch","line":122,"loc":{"start":{"line":122,"column":49},"end":{"line":122,"column":60}},"locations":[{"start":{"line":122,"column":49},"end":{"line":122,"column":60}}]},"14":{"type":"branch","line":123,"loc":{"start":{"line":123,"column":42},"end":{"line":123,"column":45}},"locations":[{"start":{"line":123,"column":42},"end":{"line":123,"column":45}}]},"15":{"type":"branch","line":123,"loc":{"start":{"line":123,"column":46},"end":{"line":123,"column":50}},"locations":[{"start":{"line":123,"column":46},"end":{"line":123,"column":50}}]},"16":{"type":"branch","line":124,"loc":{"start":{"line":124,"column":47},"end":{"line":124,"column":55}},"locations":[{"start":{"line":124,"column":47},"end":{"line":124,"column":55}}]},"17":{"type":"branch","line":124,"loc":{"start":{"line":124,"column":56},"end":{"line":124,"column":67}},"locations":[{"start":{"line":124,"column":56},"end":{"line":124,"column":67}}]},"18":{"type":"branch","line":125,"loc":{"start":{"line":125,"column":47},"end":{"line":125,"column":58}},"locations":[{"start":{"line":125,"column":47},"end":{"line":125,"column":58}}]},"19":{"type":"branch","line":125,"loc":{"start":{"line":125,"column":59},"end":{"line":125,"column":70}},"locations":[{"start":{"line":125,"column":59},"end":{"line":125,"column":70}}]},"20":{"type":"branch","line":127,"loc":{"start":{"line":127,"column":57},"end":{"line":127,"column":88}},"locations":[{"start":{"line":127,"column":57},"end":{"line":127,"column":88}}]},"21":{"type":"branch","line":140,"loc":{"start":{"line":140,"column":34},"end":{"line":140,"column":65}},"locations":[{"start":{"line":140,"column":34},"end":{"line":140,"column":65}}]},"22":{"type":"branch","line":140,"loc":{"start":{"line":140,"column":66},"end":{"line":140,"column":71}},"locations":[{"start":{"line":140,"column":66},"end":{"line":140,"column":71}}]},"23":{"type":"branch","line":140,"loc":{"start":{"line":140,"column":72},"end":{"line":140,"column":77}},"locations":[{"start":{"line":140,"column":72},"end":{"line":140,"column":77}}]},"24":{"type":"branch","line":145,"loc":{"start":{"line":145,"column":60},"end":{"line":146,"column":81}},"locations":[{"start":{"line":145,"column":60},"end":{"line":146,"column":81}}]},"25":{"type":"branch","line":147,"loc":{"start":{"line":147,"column":34},"end":{"line":150,"column":81}},"locations":[{"start":{"line":147,"column":34},"end":{"line":150,"column":81}}]},"26":{"type":"branch","line":147,"loc":{"start":{"line":147,"column":46},"end":{"line":148,"column":81}},"locations":[{"start":{"line":147,"column":46},"end":{"line":148,"column":81}}]},"27":{"type":"branch","line":153,"loc":{"start":{"line":153,"column":78},"end":{"line":153,"column":103}},"locations":[{"start":{"line":153,"column":78},"end":{"line":153,"column":103}}]},"28":{"type":"branch","line":154,"loc":{"start":{"line":154,"column":40},"end":{"line":169,"column":39}},"locations":[{"start":{"line":154,"column":40},"end":{"line":169,"column":39}}]},"29":{"type":"branch","line":172,"loc":{"start":{"line":172,"column":56},"end":{"line":172,"column":69}},"locations":[{"start":{"line":172,"column":56},"end":{"line":172,"column":69}}]},"30":{"type":"branch","line":172,"loc":{"start":{"line":172,"column":70},"end":{"line":186,"column":34}},"locations":[{"start":{"line":172,"column":70},"end":{"line":186,"column":34}}]},"31":{"type":"branch","line":177,"loc":{"start":{"line":177,"column":83},"end":{"line":177,"column":97}},"locations":[{"start":{"line":177,"column":83},"end":{"line":177,"column":97}}]},"32":{"type":"branch","line":180,"loc":{"start":{"line":180,"column":47},"end":{"line":181,"column":93}},"locations":[{"start":{"line":180,"column":47},"end":{"line":181,"column":93}}]},"33":{"type":"branch","line":193,"loc":{"start":{"line":193,"column":19},"end":{"line":236,"column":22}},"locations":[{"start":{"line":193,"column":19},"end":{"line":236,"column":22}}]},"34":{"type":"branch","line":31,"loc":{"start":{"line":31,"column":14},"end":{"line":46,"column":5}},"locations":[{"start":{"line":31,"column":14},"end":{"line":46,"column":5}}]},"35":{"type":"branch","line":32,"loc":{"start":{"line":32,"column":35},"end":{"line":36,"column":9}},"locations":[{"start":{"line":32,"column":35},"end":{"line":36,"column":9}}]},"36":{"type":"branch","line":37,"loc":{"start":{"line":37,"column":30},"end":{"line":39,"column":9}},"locations":[{"start":{"line":37,"column":30},"end":{"line":39,"column":9}}]},"37":{"type":"branch","line":42,"loc":{"start":{"line":42,"column":15},"end":{"line":45,"column":9}},"locations":[{"start":{"line":42,"column":15},"end":{"line":45,"column":9}}]},"38":{"type":"branch","line":48,"loc":{"start":{"line":48,"column":39},"end":{"line":51,"column":5}},"locations":[{"start":{"line":48,"column":39},"end":{"line":51,"column":5}}]},"39":{"type":"branch","line":49,"loc":{"start":{"line":49,"column":26},"end":{"line":49,"column":45}},"locations":[{"start":{"line":49,"column":26},"end":{"line":49,"column":45}}]},"40":{"type":"branch","line":49,"loc":{"start":{"line":49,"column":47},"end":{"line":49,"column":54}},"locations":[{"start":{"line":49,"column":47},"end":{"line":49,"column":54}}]},"41":{"type":"branch","line":50,"loc":{"start":{"line":50,"column":-2},"end":{"line":51,"column":5}},"locations":[{"start":{"line":50,"column":-2},"end":{"line":51,"column":5}}]},"42":{"type":"branch","line":50,"loc":{"start":{"line":50,"column":18},"end":{"line":50,"column":31}},"locations":[{"start":{"line":50,"column":18},"end":{"line":50,"column":31}}]},"43":{"type":"branch","line":54,"loc":{"start":{"line":54,"column":8},"end":{"line":60,"column":9}},"locations":[{"start":{"line":54,"column":8},"end":{"line":60,"column":9}}]},"44":{"type":"branch","line":66,"loc":{"start":{"line":66,"column":8},"end":{"line":72,"column":9}},"locations":[{"start":{"line":66,"column":8},"end":{"line":72,"column":9}}]},"45":{"type":"branch","line":68,"loc":{"start":{"line":68,"column":33},"end":{"line":68,"column":75}},"locations":[{"start":{"line":68,"column":33},"end":{"line":68,"column":75}}]},"46":{"type":"branch","line":68,"loc":{"start":{"line":68,"column":75},"end":{"line":68,"column":104}},"locations":[{"start":{"line":68,"column":75},"end":{"line":68,"column":104}}]},"47":{"type":"branch","line":68,"loc":{"start":{"line":68,"column":106},"end":{"line":70,"column":13}},"locations":[{"start":{"line":68,"column":106},"end":{"line":70,"column":13}}]},"48":{"type":"branch","line":71,"loc":{"start":{"line":71,"column":-2},"end":{"line":71,"column":54}},"locations":[{"start":{"line":71,"column":-2},"end":{"line":71,"column":54}}]},"49":{"type":"branch","line":71,"loc":{"start":{"line":71,"column":50},"end":{"line":71,"column":55}},"locations":[{"start":{"line":71,"column":50},"end":{"line":71,"column":55}}]},"50":{"type":"branch","line":76,"loc":{"start":{"line":76,"column":38},"end":{"line":96,"column":5}},"locations":[{"start":{"line":76,"column":38},"end":{"line":96,"column":5}}]},"51":{"type":"branch","line":77,"loc":{"start":{"line":77,"column":26},"end":{"line":77,"column":36}},"locations":[{"start":{"line":77,"column":26},"end":{"line":77,"column":36}}]},"52":{"type":"branch","line":79,"loc":{"start":{"line":79,"column":17},"end":{"line":94,"column":13}},"locations":[{"start":{"line":79,"column":17},"end":{"line":94,"column":13}}]},"53":{"type":"branch","line":83,"loc":{"start":{"line":83,"column":37},"end":{"line":84,"column":58}},"locations":[{"start":{"line":83,"column":37},"end":{"line":84,"column":58}}]},"54":{"type":"branch","line":84,"loc":{"start":{"line":84,"column":58},"end":{"line":85,"column":58}},"locations":[{"start":{"line":84,"column":58},"end":{"line":85,"column":58}}]},"55":{"type":"branch","line":92,"loc":{"start":{"line":92,"column":63},"end":{"line":92,"column":86}},"locations":[{"start":{"line":92,"column":63},"end":{"line":92,"column":86}}]},"56":{"type":"branch","line":95,"loc":{"start":{"line":95,"column":18},"end":{"line":95,"column":66}},"locations":[{"start":{"line":95,"column":18},"end":{"line":95,"column":66}}]},"57":{"type":"branch","line":95,"loc":{"start":{"line":95,"column":40},"end":{"line":95,"column":44}},"locations":[{"start":{"line":95,"column":40},"end":{"line":95,"column":44}}]},"58":{"type":"branch","line":95,"loc":{"start":{"line":95,"column":45},"end":{"line":95,"column":65}},"locations":[{"start":{"line":95,"column":45},"end":{"line":95,"column":65}}]},"59":{"type":"branch","line":95,"loc":{"start":{"line":95,"column":62},"end":{"line":95,"column":65}},"locations":[{"start":{"line":95,"column":62},"end":{"line":95,"column":65}}]},"60":{"type":"branch","line":195,"loc":{"start":{"line":195,"column":43},"end":{"line":234,"column":30}},"locations":[{"start":{"line":195,"column":43},"end":{"line":234,"column":30}}]},"61":{"type":"branch","line":219,"loc":{"start":{"line":219,"column":55},"end":{"line":220,"column":85}},"locations":[{"start":{"line":219,"column":55},"end":{"line":220,"column":85}}]},"62":{"type":"branch","line":221,"loc":{"start":{"line":221,"column":38},"end":{"line":222,"column":85}},"locations":[{"start":{"line":221,"column":38},"end":{"line":222,"column":85}}]},"63":{"type":"branch","line":228,"loc":{"start":{"line":228,"column":38},"end":{"line":229,"column":93}},"locations":[{"start":{"line":228,"column":38},"end":{"line":229,"column":93}}]},"64":{"type":"branch","line":205,"loc":{"start":{"line":205,"column":41},"end":{"line":205,"column":104}},"locations":[{"start":{"line":205,"column":41},"end":{"line":205,"column":104}}]},"65":{"type":"branch","line":205,"loc":{"start":{"line":205,"column":64},"end":{"line":205,"column":104}},"locations":[{"start":{"line":205,"column":64},"end":{"line":205,"column":104}}]}},"b":{"0":[24],"1":[0],"2":[23],"3":[1],"4":[23],"5":[22],"6":[2],"7":[2],"8":[2],"9":[0],"10":[0],"11":[23],"12":[20],"13":[3],"14":[20],"15":[3],"16":[20],"17":[3],"18":[20],"19":[3],"20":[0],"21":[0],"22":[0],"23":[23],"24":[0],"25":[23],"26":[0],"27":[0],"28":[20],"29":[0],"30":[23],"31":[0],"32":[0],"33":[8],"34":[13],"35":[1],"36":[1],"37":[13],"38":[11],"39":[9],"40":[3],"41":[8],"42":[8],"43":[1],"44":[25],"45":[2],"46":[1],"47":[1],"48":[24],"49":[0],"50":[13],"51":[0],"52":[25],"53":[2],"54":[1],"55":[12],"56":[12],"57":[1],"58":[11],"59":[0],"60":[16],"61":[8],"62":[8],"63":[0],"64":[2],"65":[1]},"fnMap":{"0":{"name":"handleClickOutside","decl":{"start":{"line":32,"column":35},"end":{"line":36,"column":9}},"loc":{"start":{"line":32,"column":35},"end":{"line":36,"column":9}},"line":32},"1":{"name":"handleKeyDown","decl":{"start":{"line":37,"column":30},"end":{"line":39,"column":9}},"loc":{"start":{"line":37,"column":30},"end":{"line":39,"column":9}},"line":37},"2":{"name":"onKeyDown","decl":{"start":{"line":131,"column":31},"end":{"line":136,"column":21}},"loc":{"start":{"line":131,"column":31},"end":{"line":136,"column":21}},"line":131},"3":{"name":"onClick","decl":{"start":{"line":205,"column":41},"end":{"line":205,"column":104}},"loc":{"start":{"line":205,"column":41},"end":{"line":205,"column":104}},"line":205},"4":{"name":"onKeyDown","decl":{"start":{"line":206,"column":43},"end":{"line":211,"column":33}},"loc":{"start":{"line":206,"column":43},"end":{"line":211,"column":33}},"line":206}},"f":{"0":1,"1":1,"2":0,"3":2,"4":0}}
,"C:\\index\\index-navigator\\src\\utils\\marketing-balance.ts": {"path":"C:\\index\\index-navigator\\src\\utils\\marketing-balance.ts","all":false,"statementMap":{"0":{"start":{"line":1,"column":0},"end":{"line":1,"column":3}},"1":{"start":{"line":2,"column":0},"end":{"line":2,"column":36}},"2":{"start":{"line":3,"column":0},"end":{"line":3,"column":2}},"3":{"start":{"line":4,"column":0},"end":{"line":4,"column":77}},"4":{"start":{"line":5,"column":0},"end":{"line":5,"column":78}},"5":{"start":{"line":6,"column":0},"end":{"line":6,"column":52}},"6":{"start":{"line":7,"column":0},"end":{"line":7,"column":2}},"7":{"start":{"line":8,"column":0},"end":{"line":8,"column":16}},"8":{"start":{"line":9,"column":0},"end":{"line":9,"column":75}},"9":{"start":{"line":10,"column":0},"end":{"line":10,"column":77}},"10":{"start":{"line":11,"column":0},"end":{"line":11,"column":31}},"11":{"start":{"line":12,"column":0},"end":{"line":12,"column":76}},"12":{"start":{"line":13,"column":0},"end":{"line":13,"column":77}},"13":{"start":{"line":14,"column":0},"end":{"line":14,"column":67}},"14":{"start":{"line":15,"column":0},"end":{"line":15,"column":77}},"15":{"start":{"line":16,"column":0},"end":{"line":16,"column":59}},"16":{"start":{"line":17,"column":0},"end":{"line":17,"column":2}},"17":{"start":{"line":18,"column":0},"end":{"line":18,"column":78}},"18":{"start":{"line":19,"column":0},"end":{"line":19,"column":79}},"19":{"start":{"line":20,"column":0},"end":{"line":20,"column":18}},"20":{"start":{"line":21,"column":0},"end":{"line":21,"column":2}},"21":{"start":{"line":22,"column":0},"end":{"line":22,"column":67}},"22":{"start":{"line":23,"column":0},"end":{"line":23,"column":3}},"23":{"start":{"line":24,"column":0},"end":{"line":24,"column":0}},"24":{"start":{"line":25,"column":0},"end":{"line":25,"column":56}},"25":{"start":{"line":26,"column":0},"end":{"line":26,"column":0}},"26":{"start":{"line":27,"column":0},"end":{"line":27,"column":81}},"27":{"start":{"line":28,"column":0},"end":{"line":28,"column":0}},"28":{"start":{"line":29,"column":0},"end":{"line":29,"column":41}},"29":{"start":{"line":30,"column":0},"end":{"line":30,"column":57}},"30":{"start":{"line":31,"column":0},"end":{"line":31,"column":27}},"31":{"start":{"line":32,"column":0},"end":{"line":32,"column":58}},"32":{"start":{"line":33,"column":0},"end":{"line":33,"column":21}},"33":{"start":{"line":34,"column":0},"end":{"line":34,"column":58}},"34":{"start":{"line":35,"column":0},"end":{"line":35,"column":19}},"35":{"start":{"line":36,"column":0},"end":{"line":36,"column":7}},"36":{"start":{"line":37,"column":0},"end":{"line":37,"column":62}},"37":{"start":{"line":38,"column":0},"end":{"line":38,"column":76}},"38":{"start":{"line":39,"column":0},"end":{"line":39,"column":76}},"39":{"start":{"line":40,"column":0},"end":{"line":40,"column":42}},"40":{"start":{"line":41,"column":0},"end":{"line":41,"column":7}},"41":{"start":{"line":42,"column":0},"end":{"line":42,"column":25}},"42":{"start":{"line":43,"column":0},"end":{"line":43,"column":1}},"43":{"start":{"line":44,"column":0},"end":{"line":44,"column":0}},"44":{"start":{"line":45,"column":0},"end":{"line":45,"column":69}},"45":{"start":{"line":46,"column":0},"end":{"line":46,"column":75}},"46":{"start":{"line":47,"column":0},"end":{"line":47,"column":45}},"47":{"start":{"line":48,"column":0},"end":{"line":48,"column":31}},"48":{"start":{"line":49,"column":0},"end":{"line":49,"column":24}},"49":{"start":{"line":50,"column":0},"end":{"line":50,"column":32}},"50":{"start":{"line":51,"column":0},"end":{"line":51,"column":70}},"51":{"start":{"line":52,"column":0},"end":{"line":52,"column":33}},"52":{"start":{"line":53,"column":0},"end":{"line":53,"column":6}},"53":{"start":{"line":54,"column":0},"end":{"line":54,"column":20}},"54":{"start":{"line":55,"column":0},"end":{"line":55,"column":31}},"55":{"start":{"line":56,"column":0},"end":{"line":56,"column":24}},"56":{"start":{"line":57,"column":0},"end":{"line":57,"column":70}},"57":{"start":{"line":58,"column":0},"end":{"line":58,"column":35}},"58":{"start":{"line":59,"column":0},"end":{"line":59,"column":6}},"59":{"start":{"line":60,"column":0},"end":{"line":60,"column":2}},"60":{"start":{"line":61,"column":0},"end":{"line":61,"column":0}},"61":{"start":{"line":62,"column":0},"end":{"line":62,"column":81}},"62":{"start":{"line":63,"column":0},"end":{"line":63,"column":0}},"63":{"start":{"line":64,"column":0},"end":{"line":64,"column":78}},"64":{"start":{"line":65,"column":0},"end":{"line":65,"column":63}},"65":{"start":{"line":66,"column":0},"end":{"line":66,"column":0}},"66":{"start":{"line":67,"column":0},"end":{"line":67,"column":78}},"67":{"start":{"line":68,"column":0},"end":{"line":68,"column":63}},"68":{"start":{"line":69,"column":0},"end":{"line":69,"column":0}},"69":{"start":{"line":70,"column":0},"end":{"line":70,"column":81}},"70":{"start":{"line":71,"column":0},"end":{"line":71,"column":0}},"71":{"start":{"line":72,"column":0},"end":{"line":72,"column":80}},"72":{"start":{"line":73,"column":0},"end":{"line":73,"column":57}},"73":{"start":{"line":74,"column":0},"end":{"line":74,"column":77}},"74":{"start":{"line":75,"column":0},"end":{"line":75,"column":1}},"75":{"start":{"line":76,"column":0},"end":{"line":76,"column":0}},"76":{"start":{"line":77,"column":0},"end":{"line":77,"column":73}},"77":{"start":{"line":78,"column":0},"end":{"line":78,"column":62}},"78":{"start":{"line":79,"column":0},"end":{"line":79,"column":62}},"79":{"start":{"line":80,"column":0},"end":{"line":80,"column":1}},"80":{"start":{"line":81,"column":0},"end":{"line":81,"column":0}},"81":{"start":{"line":82,"column":0},"end":{"line":82,"column":66}},"82":{"start":{"line":83,"column":0},"end":{"line":83,"column":65}},"83":{"start":{"line":84,"column":0},"end":{"line":84,"column":60}},"84":{"start":{"line":85,"column":0},"end":{"line":85,"column":1}},"85":{"start":{"line":86,"column":0},"end":{"line":86,"column":0}},"86":{"start":{"line":87,"column":0},"end":{"line":87,"column":3}},"87":{"start":{"line":88,"column":0},"end":{"line":88,"column":77}},"88":{"start":{"line":89,"column":0},"end":{"line":89,"column":75}},"89":{"start":{"line":90,"column":0},"end":{"line":90,"column":73}},"90":{"start":{"line":91,"column":0},"end":{"line":91,"column":3}},"91":{"start":{"line":92,"column":0},"end":{"line":92,"column":75}},"92":{"start":{"line":93,"column":0},"end":{"line":93,"column":62}},"93":{"start":{"line":94,"column":0},"end":{"line":94,"column":1}},"94":{"start":{"line":95,"column":0},"end":{"line":95,"column":0}},"95":{"start":{"line":96,"column":0},"end":{"line":96,"column":70}},"96":{"start":{"line":97,"column":0},"end":{"line":97,"column":77}},"97":{"start":{"line":98,"column":0},"end":{"line":98,"column":110}},"98":{"start":{"line":99,"column":0},"end":{"line":99,"column":30}},"99":{"start":{"line":100,"column":0},"end":{"line":100,"column":1}},"100":{"start":{"line":101,"column":0},"end":{"line":101,"column":0}},"101":{"start":{"line":102,"column":0},"end":{"line":102,"column":3}},"102":{"start":{"line":103,"column":0},"end":{"line":103,"column":74}},"103":{"start":{"line":104,"column":0},"end":{"line":104,"column":78}},"104":{"start":{"line":105,"column":0},"end":{"line":105,"column":75}},"105":{"start":{"line":106,"column":0},"end":{"line":106,"column":77}},"106":{"start":{"line":107,"column":0},"end":{"line":107,"column":3}},"107":{"start":{"line":108,"column":0},"end":{"line":108,"column":114}},"108":{"start":{"line":109,"column":0},"end":{"line":109,"column":30}},"109":{"start":{"line":110,"column":0},"end":{"line":110,"column":0}},"110":{"start":{"line":111,"column":0},"end":{"line":111,"column":57}},"111":{"start":{"line":112,"column":0},"end":{"line":112,"column":23}},"112":{"start":{"line":113,"column":0},"end":{"line":113,"column":5}},"113":{"start":{"line":114,"column":0},"end":{"line":114,"column":0}},"114":{"start":{"line":115,"column":0},"end":{"line":115,"column":55}},"115":{"start":{"line":116,"column":0},"end":{"line":116,"column":1}},"116":{"start":{"line":117,"column":0},"end":{"line":117,"column":0}},"117":{"start":{"line":118,"column":0},"end":{"line":118,"column":3}},"118":{"start":{"line":119,"column":0},"end":{"line":119,"column":81}},"119":{"start":{"line":120,"column":0},"end":{"line":120,"column":74}},"120":{"start":{"line":121,"column":0},"end":{"line":121,"column":68}},"121":{"start":{"line":122,"column":0},"end":{"line":122,"column":78}},"122":{"start":{"line":123,"column":0},"end":{"line":123,"column":15}},"123":{"start":{"line":124,"column":0},"end":{"line":124,"column":2}},"124":{"start":{"line":125,"column":0},"end":{"line":125,"column":77}},"125":{"start":{"line":126,"column":0},"end":{"line":126,"column":33}},"126":{"start":{"line":127,"column":0},"end":{"line":127,"column":3}},"127":{"start":{"line":128,"column":0},"end":{"line":128,"column":94}},"128":{"start":{"line":129,"column":0},"end":{"line":129,"column":35}},"129":{"start":{"line":130,"column":0},"end":{"line":130,"column":35}},"130":{"start":{"line":131,"column":0},"end":{"line":131,"column":49}},"131":{"start":{"line":132,"column":0},"end":{"line":132,"column":49}},"132":{"start":{"line":133,"column":0},"end":{"line":133,"column":0}},"133":{"start":{"line":134,"column":0},"end":{"line":134,"column":68}},"134":{"start":{"line":135,"column":0},"end":{"line":135,"column":68}},"135":{"start":{"line":136,"column":0},"end":{"line":136,"column":0}},"136":{"start":{"line":137,"column":0},"end":{"line":137,"column":78}},"137":{"start":{"line":138,"column":0},"end":{"line":138,"column":41}},"138":{"start":{"line":139,"column":0},"end":{"line":139,"column":56}},"139":{"start":{"line":140,"column":0},"end":{"line":140,"column":55}},"140":{"start":{"line":141,"column":0},"end":{"line":141,"column":64}},"141":{"start":{"line":142,"column":0},"end":{"line":142,"column":26}},"142":{"start":{"line":143,"column":0},"end":{"line":143,"column":5}},"143":{"start":{"line":144,"column":0},"end":{"line":144,"column":0}},"144":{"start":{"line":145,"column":0},"end":{"line":145,"column":66}},"145":{"start":{"line":146,"column":0},"end":{"line":146,"column":18}},"146":{"start":{"line":147,"column":0},"end":{"line":147,"column":1}},"147":{"start":{"line":148,"column":0},"end":{"line":148,"column":0}},"148":{"start":{"line":149,"column":0},"end":{"line":149,"column":3}},"149":{"start":{"line":150,"column":0},"end":{"line":150,"column":74}},"150":{"start":{"line":151,"column":0},"end":{"line":151,"column":76}},"151":{"start":{"line":152,"column":0},"end":{"line":152,"column":72}},"152":{"start":{"line":153,"column":0},"end":{"line":153,"column":73}},"153":{"start":{"line":154,"column":0},"end":{"line":154,"column":3}},"154":{"start":{"line":155,"column":0},"end":{"line":155,"column":93}},"155":{"start":{"line":156,"column":0},"end":{"line":156,"column":35}},"156":{"start":{"line":157,"column":0},"end":{"line":157,"column":35}},"157":{"start":{"line":158,"column":0},"end":{"line":158,"column":0}},"158":{"start":{"line":159,"column":0},"end":{"line":159,"column":49}},"159":{"start":{"line":160,"column":0},"end":{"line":160,"column":49}},"160":{"start":{"line":161,"column":0},"end":{"line":161,"column":0}},"161":{"start":{"line":162,"column":0},"end":{"line":162,"column":62}},"162":{"start":{"line":163,"column":0},"end":{"line":163,"column":0}},"163":{"start":{"line":164,"column":0},"end":{"line":164,"column":42}},"164":{"start":{"line":165,"column":0},"end":{"line":165,"column":49}},"165":{"start":{"line":166,"column":0},"end":{"line":166,"column":61}},"166":{"start":{"line":167,"column":0},"end":{"line":167,"column":0}},"167":{"start":{"line":168,"column":0},"end":{"line":168,"column":44}},"168":{"start":{"line":169,"column":0},"end":{"line":169,"column":43}},"169":{"start":{"line":170,"column":0},"end":{"line":170,"column":0}},"170":{"start":{"line":171,"column":0},"end":{"line":171,"column":84}},"171":{"start":{"line":172,"column":0},"end":{"line":172,"column":51}},"172":{"start":{"line":173,"column":0},"end":{"line":173,"column":56}},"173":{"start":{"line":174,"column":0},"end":{"line":174,"column":0}},"174":{"start":{"line":175,"column":0},"end":{"line":175,"column":22}},"175":{"start":{"line":176,"column":0},"end":{"line":176,"column":1}},"176":{"start":{"line":177,"column":0},"end":{"line":177,"column":0}},"177":{"start":{"line":178,"column":0},"end":{"line":178,"column":3}},"178":{"start":{"line":179,"column":0},"end":{"line":179,"column":61}},"179":{"start":{"line":180,"column":0},"end":{"line":180,"column":77}},"180":{"start":{"line":181,"column":0},"end":{"line":181,"column":74}},"181":{"start":{"line":182,"column":0},"end":{"line":182,"column":3}},"182":{"start":{"line":183,"column":0},"end":{"line":183,"column":95}},"183":{"start":{"line":184,"column":0},"end":{"line":184,"column":52}},"184":{"start":{"line":185,"column":0},"end":{"line":185,"column":64}},"185":{"start":{"line":186,"column":0},"end":{"line":186,"column":73}},"186":{"start":{"line":187,"column":0},"end":{"line":187,"column":22}},"187":{"start":{"line":188,"column":0},"end":{"line":188,"column":1}},"188":{"start":{"line":189,"column":0},"end":{"line":189,"column":0}},"189":{"start":{"line":190,"column":0},"end":{"line":190,"column":3}},"190":{"start":{"line":191,"column":0},"end":{"line":191,"column":73}},"191":{"start":{"line":192,"column":0},"end":{"line":192,"column":60}},"192":{"start":{"line":193,"column":0},"end":{"line":193,"column":3}},"193":{"start":{"line":194,"column":0},"end":{"line":194,"column":77}},"194":{"start":{"line":195,"column":0},"end":{"line":195,"column":59}},"195":{"start":{"line":196,"column":0},"end":{"line":196,"column":55}},"196":{"start":{"line":197,"column":0},"end":{"line":197,"column":1}},"197":{"start":{"line":198,"column":0},"end":{"line":198,"column":0}},"198":{"start":{"line":199,"column":0},"end":{"line":199,"column":3}},"199":{"start":{"line":200,"column":0},"end":{"line":200,"column":79}},"200":{"start":{"line":201,"column":0},"end":{"line":201,"column":73}},"201":{"start":{"line":202,"column":0},"end":{"line":202,"column":52}},"202":{"start":{"line":203,"column":0},"end":{"line":203,"column":2}},"203":{"start":{"line":204,"column":0},"end":{"line":204,"column":86}},"204":{"start":{"line":205,"column":0},"end":{"line":205,"column":72}},"205":{"start":{"line":206,"column":0},"end":{"line":206,"column":3}},"206":{"start":{"line":207,"column":0},"end":{"line":207,"column":69}},"207":{"start":{"line":208,"column":0},"end":{"line":208,"column":33}},"208":{"start":{"line":209,"column":0},"end":{"line":209,"column":61}},"209":{"start":{"line":210,"column":0},"end":{"line":210,"column":79}},"210":{"start":{"line":211,"column":0},"end":{"line":211,"column":5}},"211":{"start":{"line":212,"column":0},"end":{"line":212,"column":19}},"212":{"start":{"line":213,"column":0},"end":{"line":213,"column":1}}},"s":{"0":1,"1":1,"2":1,"3":1,"4":1,"5":1,"6":1,"7":1,"8":1,"9":1,"10":1,"11":1,"12":1,"13":1,"14":1,"15":1,"16":1,"17":1,"18":1,"19":1,"20":1,"21":1,"22":1,"23":1,"24":1,"25":1,"26":1,"27":1,"28":1,"29":1,"30":1,"31":1,"32":1,"33":1,"34":1,"35":1,"36":1,"37":1,"38":1,"39":1,"40":1,"41":1,"42":1,"43":1,"44":1,"45":1,"46":1,"47":1,"48":1,"49":1,"50":1,"51":1,"52":1,"53":1,"54":1,"55":1,"56":1,"57":1,"58":1,"59":1,"60":1,"61":1,"62":1,"63":1,"64":1,"65":1,"66":1,"67":1,"68":1,"69":1,"70":1,"71":1,"72":1,"73":1,"74":1,"75":1,"76":1,"77":0,"78":0,"79":0,"80":1,"81":1,"82":0,"83":0,"84":0,"85":1,"86":1,"87":1,"88":1,"89":1,"90":1,"91":0,"92":0,"93":0,"94":1,"95":1,"96":0,"97":0,"98":0,"99":0,"100":1,"101":1,"102":1,"103":1,"104":1,"105":1,"106":1,"107":0,"108":0,"109":0,"110":0,"111":0,"112":0,"113":0,"114":0,"115":0,"116":1,"117":1,"118":1,"119":1,"120":1,"121":1,"122":1,"123":1,"124":1,"125":1,"126":1,"127":0,"128":0,"129":0,"130":0,"131":0,"132":0,"133":0,"134":0,"135":0,"136":0,"137":0,"138":0,"139":0,"140":0,"141":0,"142":0,"143":0,"144":0,"145":0,"146":0,"147":1,"148":1,"149":1,"150":1,"151":1,"152":1,"153":1,"154":0,"155":0,"156":0,"157":0,"158":0,"159":0,"160":0,"161":0,"162":0,"163":0,"164":0,"165":0,"166":0,"167":0,"168":0,"169":0,"170":0,"171":0,"172":0,"173":0,"174":0,"175":0,"176":1,"177":1,"178":1,"179":1,"180":1,"181":1,"182":0,"183":0,"184":0,"185":0,"186":0,"187":0,"188":1,"189":1,"190":1,"191":1,"192":1,"193":0,"194":0,"195":0,"196":0,"197":1,"198":1,"199":1,"200":1,"201":1,"202":1,"203":1,"204":1,"205":1,"206":1,"207":1,"208":0,"209":0,"210":0,"211":1,"212":1},"branchMap":{"0":{"type":"branch","line":73,"loc":{"start":{"line":73,"column":0},"end":{"line":75,"column":1}},"locations":[{"start":{"line":73,"column":0},"end":{"line":75,"column":1}}]},"1":{"type":"branch","line":207,"loc":{"start":{"line":207,"column":0},"end":{"line":213,"column":1}},"locations":[{"start":{"line":207,"column":0},"end":{"line":213,"column":1}}]},"2":{"type":"branch","line":208,"loc":{"start":{"line":208,"column":32},"end":{"line":211,"column":5}},"locations":[{"start":{"line":208,"column":32},"end":{"line":211,"column":5}}]}},"b":{"0":[1],"1":[1],"2":[0]},"fnMap":{"0":{"name":"balKey","decl":{"start":{"line":65,"column":15},"end":{"line":65,"column":62}},"loc":{"start":{"line":65,"column":15},"end":{"line":65,"column":62}},"line":65},"1":{"name":"refKey","decl":{"start":{"line":68,"column":15},"end":{"line":68,"column":62}},"loc":{"start":{"line":68,"column":15},"end":{"line":68,"column":62}},"line":68},"2":{"name":"isMarketingCR","decl":{"start":{"line":73,"column":0},"end":{"line":75,"column":1}},"loc":{"start":{"line":73,"column":0},"end":{"line":75,"column":1}},"line":73},"3":{"name":"getDefaultBalance","decl":{"start":{"line":78,"column":0},"end":{"line":80,"column":1}},"loc":{"start":{"line":78,"column":0},"end":{"line":80,"column":1}},"line":78},"4":{"name":"getMarketingCurrency","decl":{"start":{"line":83,"column":0},"end":{"line":85,"column":1}},"loc":{"start":{"line":83,"column":0},"end":{"line":85,"column":1}},"line":83},"5":{"name":"getMarketingDemoLoginid","decl":{"start":{"line":92,"column":0},"end":{"line":94,"column":1}},"loc":{"start":{"line":92,"column":0},"end":{"line":94,"column":1}},"line":92},"6":{"name":"getMarketingRealLoginid","decl":{"start":{"line":97,"column":0},"end":{"line":100,"column":1}},"loc":{"start":{"line":97,"column":0},"end":{"line":100,"column":1}},"line":97},"7":{"name":"getAutoDetectedCopyTradingLeader","decl":{"start":{"line":108,"column":0},"end":{"line":116,"column":1}},"loc":{"start":{"line":108,"column":0},"end":{"line":116,"column":1}},"line":108},"8":{"name":"initMarketingBalance","decl":{"start":{"line":128,"column":0},"end":{"line":147,"column":1}},"loc":{"start":{"line":128,"column":0},"end":{"line":147,"column":1}},"line":128},"9":{"name":"applyDerivUpdate","decl":{"start":{"line":155,"column":0},"end":{"line":176,"column":1}},"loc":{"start":{"line":155,"column":0},"end":{"line":176,"column":1}},"line":155},"10":{"name":"resetMarketingBalance","decl":{"start":{"line":183,"column":0},"end":{"line":188,"column":1}},"loc":{"start":{"line":183,"column":0},"end":{"line":188,"column":1}},"line":183},"11":{"name":"getStoredMarketingBalance","decl":{"start":{"line":194,"column":0},"end":{"line":197,"column":1}},"loc":{"start":{"line":194,"column":0},"end":{"line":197,"column":1}},"line":194},"12":{"name":"getMarketingTradingAccount","decl":{"start":{"line":207,"column":0},"end":{"line":213,"column":1}},"loc":{"start":{"line":207,"column":0},"end":{"line":213,"column":1}},"line":207}},"f":{"0":0,"1":0,"2":1,"3":0,"4":0,"5":0,"6":0,"7":0,"8":0,"9":0,"10":0,"11":0,"12":1}}
}
