{"C:\\index\\index-navigator\\src\\utils\\xss-protection.ts": {"path":"C:\\index\\index-navigator\\src\\utils\\xss-protection.ts","all":false,"statementMap":{"0":{"start":{"line":1,"column":0},"end":{"line":1,"column":3}},"1":{"start":{"line":2,"column":0},"end":{"line":2,"column":39}},"2":{"start":{"line":3,"column":0},"end":{"line":3,"column":2}},"3":{"start":{"line":4,"column":0},"end":{"line":4,"column":78}},"4":{"start":{"line":5,"column":0},"end":{"line":5,"column":25}},"5":{"start":{"line":6,"column":0},"end":{"line":6,"column":26}},"6":{"start":{"line":7,"column":0},"end":{"line":7,"column":24}},"7":{"start":{"line":8,"column":0},"end":{"line":8,"column":28}},"8":{"start":{"line":9,"column":0},"end":{"line":9,"column":46}},"9":{"start":{"line":10,"column":0},"end":{"line":10,"column":3}},"10":{"start":{"line":11,"column":0},"end":{"line":11,"column":0}},"11":{"start":{"line":12,"column":0},"end":{"line":12,"column":34}},"12":{"start":{"line":13,"column":0},"end":{"line":13,"column":0}},"13":{"start":{"line":14,"column":0},"end":{"line":14,"column":3}},"14":{"start":{"line":15,"column":0},"end":{"line":15,"column":42}},"15":{"start":{"line":16,"column":0},"end":{"line":16,"column":3}},"16":{"start":{"line":17,"column":0},"end":{"line":17,"column":38}},"17":{"start":{"line":18,"column":0},"end":{"line":18,"column":27}},"18":{"start":{"line":19,"column":0},"end":{"line":19,"column":33}},"19":{"start":{"line":20,"column":0},"end":{"line":20,"column":30}},"20":{"start":{"line":21,"column":0},"end":{"line":21,"column":23}},"21":{"start":{"line":22,"column":0},"end":{"line":22,"column":24}},"22":{"start":{"line":23,"column":0},"end":{"line":23,"column":1}},"23":{"start":{"line":24,"column":0},"end":{"line":24,"column":0}},"24":{"start":{"line":25,"column":0},"end":{"line":25,"column":3}},"25":{"start":{"line":26,"column":0},"end":{"line":26,"column":52}},"26":{"start":{"line":27,"column":0},"end":{"line":27,"column":3}},"27":{"start":{"line":28,"column":0},"end":{"line":28,"column":45}},"28":{"start":{"line":29,"column":0},"end":{"line":29,"column":20}},"29":{"start":{"line":30,"column":0},"end":{"line":30,"column":26}},"30":{"start":{"line":31,"column":0},"end":{"line":31,"column":38}},"31":{"start":{"line":32,"column":0},"end":{"line":32,"column":20}},"32":{"start":{"line":33,"column":0},"end":{"line":33,"column":20}},"33":{"start":{"line":34,"column":0},"end":{"line":34,"column":2}},"34":{"start":{"line":35,"column":0},"end":{"line":35,"column":0}},"35":{"start":{"line":36,"column":0},"end":{"line":36,"column":3}},"36":{"start":{"line":37,"column":0},"end":{"line":37,"column":47}},"37":{"start":{"line":38,"column":0},"end":{"line":38,"column":3}},"38":{"start":{"line":39,"column":0},"end":{"line":39,"column":27}},"39":{"start":{"line":40,"column":0},"end":{"line":40,"column":18}},"40":{"start":{"line":41,"column":0},"end":{"line":41,"column":12}},"41":{"start":{"line":42,"column":0},"end":{"line":42,"column":16}},"42":{"start":{"line":43,"column":0},"end":{"line":43,"column":12}},"43":{"start":{"line":44,"column":0},"end":{"line":44,"column":13}},"44":{"start":{"line":45,"column":0},"end":{"line":45,"column":14}},"45":{"start":{"line":46,"column":0},"end":{"line":46,"column":24}},"46":{"start":{"line":47,"column":0},"end":{"line":47,"column":21}},"47":{"start":{"line":48,"column":0},"end":{"line":48,"column":15}},"48":{"start":{"line":49,"column":0},"end":{"line":49,"column":19}},"49":{"start":{"line":50,"column":0},"end":{"line":50,"column":11}},"50":{"start":{"line":51,"column":0},"end":{"line":51,"column":16}},"51":{"start":{"line":52,"column":0},"end":{"line":52,"column":16}},"52":{"start":{"line":53,"column":0},"end":{"line":53,"column":20}},"53":{"start":{"line":54,"column":0},"end":{"line":54,"column":11}},"54":{"start":{"line":55,"column":0},"end":{"line":55,"column":19}},"55":{"start":{"line":56,"column":0},"end":{"line":56,"column":15}},"56":{"start":{"line":57,"column":0},"end":{"line":57,"column":14}},"57":{"start":{"line":58,"column":0},"end":{"line":58,"column":10}},"58":{"start":{"line":59,"column":0},"end":{"line":59,"column":13}},"59":{"start":{"line":60,"column":0},"end":{"line":60,"column":12}},"60":{"start":{"line":61,"column":0},"end":{"line":61,"column":18}},"61":{"start":{"line":62,"column":0},"end":{"line":62,"column":2}},"62":{"start":{"line":63,"column":0},"end":{"line":63,"column":0}},"63":{"start":{"line":64,"column":0},"end":{"line":64,"column":3}},"64":{"start":{"line":65,"column":0},"end":{"line":65,"column":40}},"65":{"start":{"line":66,"column":0},"end":{"line":66,"column":3}},"66":{"start":{"line":67,"column":0},"end":{"line":67,"column":24}},"67":{"start":{"line":68,"column":0},"end":{"line":68,"column":14}},"68":{"start":{"line":69,"column":0},"end":{"line":69,"column":17}},"69":{"start":{"line":70,"column":0},"end":{"line":70,"column":19}},"70":{"start":{"line":71,"column":0},"end":{"line":71,"column":20}},"71":{"start":{"line":72,"column":0},"end":{"line":72,"column":23}},"72":{"start":{"line":73,"column":0},"end":{"line":73,"column":19}},"73":{"start":{"line":74,"column":0},"end":{"line":74,"column":18}},"74":{"start":{"line":75,"column":0},"end":{"line":75,"column":25}},"75":{"start":{"line":76,"column":0},"end":{"line":76,"column":24}},"76":{"start":{"line":77,"column":0},"end":{"line":77,"column":20}},"77":{"start":{"line":78,"column":0},"end":{"line":78,"column":20}},"78":{"start":{"line":79,"column":0},"end":{"line":79,"column":21}},"79":{"start":{"line":80,"column":0},"end":{"line":80,"column":21}},"80":{"start":{"line":81,"column":0},"end":{"line":81,"column":13}},"81":{"start":{"line":82,"column":0},"end":{"line":82,"column":15}},"82":{"start":{"line":83,"column":0},"end":{"line":83,"column":19}},"83":{"start":{"line":84,"column":0},"end":{"line":84,"column":15}},"84":{"start":{"line":85,"column":0},"end":{"line":85,"column":14}},"85":{"start":{"line":86,"column":0},"end":{"line":86,"column":20}},"86":{"start":{"line":87,"column":0},"end":{"line":87,"column":22}},"87":{"start":{"line":88,"column":0},"end":{"line":88,"column":13}},"88":{"start":{"line":89,"column":0},"end":{"line":89,"column":12}},"89":{"start":{"line":90,"column":0},"end":{"line":90,"column":22}},"90":{"start":{"line":91,"column":0},"end":{"line":91,"column":23}},"91":{"start":{"line":92,"column":0},"end":{"line":92,"column":24}},"92":{"start":{"line":93,"column":0},"end":{"line":93,"column":17}},"93":{"start":{"line":94,"column":0},"end":{"line":94,"column":19}},"94":{"start":{"line":95,"column":0},"end":{"line":95,"column":13}},"95":{"start":{"line":96,"column":0},"end":{"line":96,"column":16}},"96":{"start":{"line":97,"column":0},"end":{"line":97,"column":18}},"97":{"start":{"line":98,"column":0},"end":{"line":98,"column":18}},"98":{"start":{"line":99,"column":0},"end":{"line":99,"column":17}},"99":{"start":{"line":100,"column":0},"end":{"line":100,"column":18}},"100":{"start":{"line":101,"column":0},"end":{"line":101,"column":13}},"101":{"start":{"line":102,"column":0},"end":{"line":102,"column":14}},"102":{"start":{"line":103,"column":0},"end":{"line":103,"column":20}},"103":{"start":{"line":104,"column":0},"end":{"line":104,"column":21}},"104":{"start":{"line":105,"column":0},"end":{"line":105,"column":15}},"105":{"start":{"line":106,"column":0},"end":{"line":106,"column":14}},"106":{"start":{"line":107,"column":0},"end":{"line":107,"column":16}},"107":{"start":{"line":108,"column":0},"end":{"line":108,"column":17}},"108":{"start":{"line":109,"column":0},"end":{"line":109,"column":13}},"109":{"start":{"line":110,"column":0},"end":{"line":110,"column":16}},"110":{"start":{"line":111,"column":0},"end":{"line":111,"column":17}},"111":{"start":{"line":112,"column":0},"end":{"line":112,"column":14}},"112":{"start":{"line":113,"column":0},"end":{"line":113,"column":23}},"113":{"start":{"line":114,"column":0},"end":{"line":114,"column":13}},"114":{"start":{"line":115,"column":0},"end":{"line":115,"column":20}},"115":{"start":{"line":116,"column":0},"end":{"line":116,"column":18}},"116":{"start":{"line":117,"column":0},"end":{"line":117,"column":19}},"117":{"start":{"line":118,"column":0},"end":{"line":118,"column":19}},"118":{"start":{"line":119,"column":0},"end":{"line":119,"column":18}},"119":{"start":{"line":120,"column":0},"end":{"line":120,"column":17}},"120":{"start":{"line":121,"column":0},"end":{"line":121,"column":18}},"121":{"start":{"line":122,"column":0},"end":{"line":122,"column":16}},"122":{"start":{"line":123,"column":0},"end":{"line":123,"column":19}},"123":{"start":{"line":124,"column":0},"end":{"line":124,"column":13}},"124":{"start":{"line":125,"column":0},"end":{"line":125,"column":16}},"125":{"start":{"line":126,"column":0},"end":{"line":126,"column":18}},"126":{"start":{"line":127,"column":0},"end":{"line":127,"column":14}},"127":{"start":{"line":128,"column":0},"end":{"line":128,"column":23}},"128":{"start":{"line":129,"column":0},"end":{"line":129,"column":25}},"129":{"start":{"line":130,"column":0},"end":{"line":130,"column":14}},"130":{"start":{"line":131,"column":0},"end":{"line":131,"column":15}},"131":{"start":{"line":132,"column":0},"end":{"line":132,"column":18}},"132":{"start":{"line":133,"column":0},"end":{"line":133,"column":20}},"133":{"start":{"line":134,"column":0},"end":{"line":134,"column":17}},"134":{"start":{"line":135,"column":0},"end":{"line":135,"column":16}},"135":{"start":{"line":136,"column":0},"end":{"line":136,"column":19}},"136":{"start":{"line":137,"column":0},"end":{"line":137,"column":21}},"137":{"start":{"line":138,"column":0},"end":{"line":138,"column":15}},"138":{"start":{"line":139,"column":0},"end":{"line":139,"column":15}},"139":{"start":{"line":140,"column":0},"end":{"line":140,"column":24}},"140":{"start":{"line":141,"column":0},"end":{"line":141,"column":20}},"141":{"start":{"line":142,"column":0},"end":{"line":142,"column":14}},"142":{"start":{"line":143,"column":0},"end":{"line":143,"column":13}},"143":{"start":{"line":144,"column":0},"end":{"line":144,"column":15}},"144":{"start":{"line":145,"column":0},"end":{"line":145,"column":15}},"145":{"start":{"line":146,"column":0},"end":{"line":146,"column":2}},"146":{"start":{"line":147,"column":0},"end":{"line":147,"column":0}},"147":{"start":{"line":148,"column":0},"end":{"line":148,"column":3}},"148":{"start":{"line":149,"column":0},"end":{"line":149,"column":37}},"149":{"start":{"line":150,"column":0},"end":{"line":150,"column":3}},"150":{"start":{"line":151,"column":0},"end":{"line":151,"column":47}},"151":{"start":{"line":152,"column":0},"end":{"line":152,"column":17}},"152":{"start":{"line":153,"column":0},"end":{"line":153,"column":16}},"153":{"start":{"line":154,"column":0},"end":{"line":154,"column":16}},"154":{"start":{"line":155,"column":0},"end":{"line":155,"column":18}},"155":{"start":{"line":156,"column":0},"end":{"line":156,"column":18}},"156":{"start":{"line":157,"column":0},"end":{"line":157,"column":18}},"157":{"start":{"line":158,"column":0},"end":{"line":158,"column":18}},"158":{"start":{"line":159,"column":0},"end":{"line":159,"column":18}},"159":{"start":{"line":160,"column":0},"end":{"line":160,"column":18}},"160":{"start":{"line":161,"column":0},"end":{"line":161,"column":18}},"161":{"start":{"line":162,"column":0},"end":{"line":162,"column":17}},"162":{"start":{"line":163,"column":0},"end":{"line":163,"column":2}},"163":{"start":{"line":164,"column":0},"end":{"line":164,"column":0}},"164":{"start":{"line":165,"column":0},"end":{"line":165,"column":3}},"165":{"start":{"line":166,"column":0},"end":{"line":166,"column":51}},"166":{"start":{"line":167,"column":0},"end":{"line":167,"column":3}},"167":{"start":{"line":168,"column":0},"end":{"line":168,"column":56}},"168":{"start":{"line":169,"column":0},"end":{"line":169,"column":21}},"169":{"start":{"line":170,"column":0},"end":{"line":170,"column":17}},"170":{"start":{"line":171,"column":0},"end":{"line":171,"column":17}},"171":{"start":{"line":172,"column":0},"end":{"line":172,"column":17}},"172":{"start":{"line":173,"column":0},"end":{"line":173,"column":17}},"173":{"start":{"line":174,"column":0},"end":{"line":174,"column":18}},"174":{"start":{"line":175,"column":0},"end":{"line":175,"column":18}},"175":{"start":{"line":176,"column":0},"end":{"line":176,"column":18}},"176":{"start":{"line":177,"column":0},"end":{"line":177,"column":17}},"177":{"start":{"line":178,"column":0},"end":{"line":178,"column":17}},"178":{"start":{"line":179,"column":0},"end":{"line":179,"column":17}},"179":{"start":{"line":180,"column":0},"end":{"line":180,"column":17}},"180":{"start":{"line":181,"column":0},"end":{"line":181,"column":17}},"181":{"start":{"line":182,"column":0},"end":{"line":182,"column":17}},"182":{"start":{"line":183,"column":0},"end":{"line":183,"column":17}},"183":{"start":{"line":184,"column":0},"end":{"line":184,"column":15}},"184":{"start":{"line":185,"column":0},"end":{"line":185,"column":17}},"185":{"start":{"line":186,"column":0},"end":{"line":186,"column":18}},"186":{"start":{"line":187,"column":0},"end":{"line":187,"column":18}},"187":{"start":{"line":188,"column":0},"end":{"line":188,"column":2}},"188":{"start":{"line":189,"column":0},"end":{"line":189,"column":0}},"189":{"start":{"line":190,"column":0},"end":{"line":190,"column":3}},"190":{"start":{"line":191,"column":0},"end":{"line":191,"column":29}},"191":{"start":{"line":192,"column":0},"end":{"line":192,"column":3}},"192":{"start":{"line":193,"column":0},"end":{"line":193,"column":77}},"193":{"start":{"line":194,"column":0},"end":{"line":194,"column":36}},"194":{"start":{"line":195,"column":0},"end":{"line":195,"column":18}},"195":{"start":{"line":196,"column":0},"end":{"line":196,"column":5}},"196":{"start":{"line":197,"column":0},"end":{"line":197,"column":0}},"197":{"start":{"line":198,"column":0},"end":{"line":198,"column":19}},"198":{"start":{"line":199,"column":0},"end":{"line":199,"column":80}},"199":{"start":{"line":200,"column":0},"end":{"line":200,"column":58}},"200":{"start":{"line":201,"column":0},"end":{"line":201,"column":11}},"201":{"start":{"line":202,"column":0},"end":{"line":202,"column":12}},"202":{"start":{"line":203,"column":0},"end":{"line":203,"column":60}},"203":{"start":{"line":204,"column":0},"end":{"line":204,"column":49}},"204":{"start":{"line":205,"column":0},"end":{"line":205,"column":11}},"205":{"start":{"line":206,"column":0},"end":{"line":206,"column":5}},"206":{"start":{"line":207,"column":0},"end":{"line":207,"column":1}},"207":{"start":{"line":208,"column":0},"end":{"line":208,"column":0}},"208":{"start":{"line":209,"column":0},"end":{"line":209,"column":3}},"209":{"start":{"line":210,"column":0},"end":{"line":210,"column":31}},"210":{"start":{"line":211,"column":0},"end":{"line":211,"column":3}},"211":{"start":{"line":212,"column":0},"end":{"line":212,"column":50}},"212":{"start":{"line":213,"column":0},"end":{"line":213,"column":34}},"213":{"start":{"line":214,"column":0},"end":{"line":214,"column":18}},"214":{"start":{"line":215,"column":0},"end":{"line":215,"column":5}},"215":{"start":{"line":216,"column":0},"end":{"line":216,"column":0}},"216":{"start":{"line":217,"column":0},"end":{"line":217,"column":48}},"217":{"start":{"line":218,"column":0},"end":{"line":218,"column":0}},"218":{"start":{"line":219,"column":0},"end":{"line":219,"column":34}},"219":{"start":{"line":220,"column":0},"end":{"line":220,"column":45}},"220":{"start":{"line":221,"column":0},"end":{"line":221,"column":44}},"221":{"start":{"line":222,"column":0},"end":{"line":222,"column":22}},"222":{"start":{"line":223,"column":0},"end":{"line":223,"column":9}},"223":{"start":{"line":224,"column":0},"end":{"line":224,"column":5}},"224":{"start":{"line":225,"column":0},"end":{"line":225,"column":0}},"225":{"start":{"line":226,"column":0},"end":{"line":226,"column":44}},"226":{"start":{"line":227,"column":0},"end":{"line":227,"column":54}},"227":{"start":{"line":228,"column":0},"end":{"line":228,"column":45}},"228":{"start":{"line":229,"column":0},"end":{"line":229,"column":44}},"229":{"start":{"line":230,"column":0},"end":{"line":230,"column":22}},"230":{"start":{"line":231,"column":0},"end":{"line":231,"column":9}},"231":{"start":{"line":232,"column":0},"end":{"line":232,"column":5}},"232":{"start":{"line":233,"column":0},"end":{"line":233,"column":0}},"233":{"start":{"line":234,"column":0},"end":{"line":234,"column":15}},"234":{"start":{"line":235,"column":0},"end":{"line":235,"column":1}},"235":{"start":{"line":236,"column":0},"end":{"line":236,"column":0}},"236":{"start":{"line":237,"column":0},"end":{"line":237,"column":3}},"237":{"start":{"line":238,"column":0},"end":{"line":238,"column":45}},"238":{"start":{"line":239,"column":0},"end":{"line":239,"column":3}},"239":{"start":{"line":240,"column":0},"end":{"line":240,"column":60}},"240":{"start":{"line":241,"column":0},"end":{"line":241,"column":36}},"241":{"start":{"line":242,"column":0},"end":{"line":242,"column":18}},"242":{"start":{"line":243,"column":0},"end":{"line":243,"column":5}},"243":{"start":{"line":244,"column":0},"end":{"line":244,"column":0}},"244":{"start":{"line":245,"column":0},"end":{"line":245,"column":26}},"245":{"start":{"line":246,"column":0},"end":{"line":246,"column":0}},"246":{"start":{"line":247,"column":0},"end":{"line":247,"column":47}},"247":{"start":{"line":248,"column":0},"end":{"line":248,"column":43}},"248":{"start":{"line":249,"column":0},"end":{"line":249,"column":74}},"249":{"start":{"line":250,"column":0},"end":{"line":250,"column":49}},"250":{"start":{"line":251,"column":0},"end":{"line":251,"column":5}},"251":{"start":{"line":252,"column":0},"end":{"line":252,"column":0}},"252":{"start":{"line":253,"column":0},"end":{"line":253,"column":65}},"253":{"start":{"line":254,"column":0},"end":{"line":254,"column":65}},"254":{"start":{"line":255,"column":0},"end":{"line":255,"column":87}},"255":{"start":{"line":256,"column":0},"end":{"line":256,"column":0}},"256":{"start":{"line":257,"column":0},"end":{"line":257,"column":51}},"257":{"start":{"line":258,"column":0},"end":{"line":258,"column":64}},"258":{"start":{"line":259,"column":0},"end":{"line":259,"column":0}},"259":{"start":{"line":260,"column":0},"end":{"line":260,"column":50}},"260":{"start":{"line":261,"column":0},"end":{"line":261,"column":78}},"261":{"start":{"line":262,"column":0},"end":{"line":262,"column":0}},"262":{"start":{"line":263,"column":0},"end":{"line":263,"column":21}},"263":{"start":{"line":264,"column":0},"end":{"line":264,"column":1}},"264":{"start":{"line":265,"column":0},"end":{"line":265,"column":0}},"265":{"start":{"line":266,"column":0},"end":{"line":266,"column":3}},"266":{"start":{"line":267,"column":0},"end":{"line":267,"column":50}},"267":{"start":{"line":268,"column":0},"end":{"line":268,"column":3}},"268":{"start":{"line":269,"column":0},"end":{"line":269,"column":70}},"269":{"start":{"line":270,"column":0},"end":{"line":270,"column":36}},"270":{"start":{"line":271,"column":0},"end":{"line":271,"column":18}},"271":{"start":{"line":272,"column":0},"end":{"line":272,"column":5}},"272":{"start":{"line":273,"column":0},"end":{"line":273,"column":0}},"273":{"start":{"line":274,"column":0},"end":{"line":274,"column":26}},"274":{"start":{"line":275,"column":0},"end":{"line":275,"column":0}},"275":{"start":{"line":276,"column":0},"end":{"line":276,"column":38}},"276":{"start":{"line":277,"column":0},"end":{"line":277,"column":35}},"277":{"start":{"line":278,"column":0},"end":{"line":278,"column":0}},"278":{"start":{"line":279,"column":0},"end":{"line":279,"column":32}},"279":{"start":{"line":280,"column":0},"end":{"line":280,"column":51}},"280":{"start":{"line":281,"column":0},"end":{"line":281,"column":0}},"281":{"start":{"line":282,"column":0},"end":{"line":282,"column":68}},"282":{"start":{"line":283,"column":0},"end":{"line":283,"column":97}},"283":{"start":{"line":284,"column":0},"end":{"line":284,"column":79}},"284":{"start":{"line":285,"column":0},"end":{"line":285,"column":61}},"285":{"start":{"line":286,"column":0},"end":{"line":286,"column":58}},"286":{"start":{"line":287,"column":0},"end":{"line":287,"column":0}},"287":{"start":{"line":288,"column":0},"end":{"line":288,"column":67}},"288":{"start":{"line":289,"column":0},"end":{"line":289,"column":79}},"289":{"start":{"line":290,"column":0},"end":{"line":290,"column":94}},"290":{"start":{"line":291,"column":0},"end":{"line":291,"column":60}},"291":{"start":{"line":292,"column":0},"end":{"line":292,"column":57}},"292":{"start":{"line":293,"column":0},"end":{"line":293,"column":0}},"293":{"start":{"line":294,"column":0},"end":{"line":294,"column":92}},"294":{"start":{"line":295,"column":0},"end":{"line":295,"column":64}},"295":{"start":{"line":296,"column":0},"end":{"line":296,"column":77}},"296":{"start":{"line":297,"column":0},"end":{"line":297,"column":0}},"297":{"start":{"line":298,"column":0},"end":{"line":298,"column":53}},"298":{"start":{"line":299,"column":0},"end":{"line":299,"column":74}},"299":{"start":{"line":300,"column":0},"end":{"line":300,"column":77}},"300":{"start":{"line":301,"column":0},"end":{"line":301,"column":0}},"301":{"start":{"line":302,"column":0},"end":{"line":302,"column":29}},"302":{"start":{"line":303,"column":0},"end":{"line":303,"column":76}},"303":{"start":{"line":304,"column":0},"end":{"line":304,"column":61}},"304":{"start":{"line":305,"column":0},"end":{"line":305,"column":0}},"305":{"start":{"line":306,"column":0},"end":{"line":306,"column":39}},"306":{"start":{"line":307,"column":0},"end":{"line":307,"column":80}},"307":{"start":{"line":308,"column":0},"end":{"line":308,"column":69}},"308":{"start":{"line":309,"column":0},"end":{"line":309,"column":0}},"309":{"start":{"line":310,"column":0},"end":{"line":310,"column":27}},"310":{"start":{"line":311,"column":0},"end":{"line":311,"column":72}},"311":{"start":{"line":312,"column":0},"end":{"line":312,"column":59}},"312":{"start":{"line":313,"column":0},"end":{"line":313,"column":0}},"313":{"start":{"line":314,"column":0},"end":{"line":314,"column":62}},"314":{"start":{"line":315,"column":0},"end":{"line":315,"column":61}},"315":{"start":{"line":316,"column":0},"end":{"line":316,"column":0}},"316":{"start":{"line":317,"column":0},"end":{"line":317,"column":27}},"317":{"start":{"line":318,"column":0},"end":{"line":318,"column":61}},"318":{"start":{"line":319,"column":0},"end":{"line":319,"column":0}},"319":{"start":{"line":320,"column":0},"end":{"line":320,"column":51}},"320":{"start":{"line":321,"column":0},"end":{"line":321,"column":66}},"321":{"start":{"line":322,"column":0},"end":{"line":322,"column":63}},"322":{"start":{"line":323,"column":0},"end":{"line":323,"column":0}},"323":{"start":{"line":324,"column":0},"end":{"line":324,"column":53}},"324":{"start":{"line":325,"column":0},"end":{"line":325,"column":37}},"325":{"start":{"line":326,"column":0},"end":{"line":326,"column":18}},"326":{"start":{"line":327,"column":0},"end":{"line":327,"column":9}},"327":{"start":{"line":328,"column":0},"end":{"line":328,"column":5}},"328":{"start":{"line":329,"column":0},"end":{"line":329,"column":0}},"329":{"start":{"line":330,"column":0},"end":{"line":330,"column":21}},"330":{"start":{"line":331,"column":0},"end":{"line":331,"column":1}},"331":{"start":{"line":332,"column":0},"end":{"line":332,"column":0}},"332":{"start":{"line":333,"column":0},"end":{"line":333,"column":3}},"333":{"start":{"line":334,"column":0},"end":{"line":334,"column":47}},"334":{"start":{"line":335,"column":0},"end":{"line":335,"column":3}},"335":{"start":{"line":336,"column":0},"end":{"line":336,"column":93}},"336":{"start":{"line":337,"column":0},"end":{"line":337,"column":48}},"337":{"start":{"line":338,"column":0},"end":{"line":338,"column":18}},"338":{"start":{"line":339,"column":0},"end":{"line":339,"column":5}},"339":{"start":{"line":340,"column":0},"end":{"line":340,"column":0}},"340":{"start":{"line":341,"column":0},"end":{"line":341,"column":57}},"341":{"start":{"line":342,"column":0},"end":{"line":342,"column":34}},"342":{"start":{"line":343,"column":0},"end":{"line":343,"column":0}},"343":{"start":{"line":344,"column":0},"end":{"line":344,"column":19}},"344":{"start":{"line":345,"column":0},"end":{"line":345,"column":76}},"345":{"start":{"line":346,"column":0},"end":{"line":346,"column":66}},"346":{"start":{"line":347,"column":0},"end":{"line":347,"column":5}},"347":{"start":{"line":348,"column":0},"end":{"line":348,"column":0}},"348":{"start":{"line":349,"column":0},"end":{"line":349,"column":41}},"349":{"start":{"line":350,"column":0},"end":{"line":350,"column":32}},"350":{"start":{"line":351,"column":0},"end":{"line":351,"column":49}},"351":{"start":{"line":352,"column":0},"end":{"line":352,"column":5}},"352":{"start":{"line":353,"column":0},"end":{"line":353,"column":0}},"353":{"start":{"line":354,"column":0},"end":{"line":354,"column":28}},"354":{"start":{"line":355,"column":0},"end":{"line":355,"column":47}},"355":{"start":{"line":356,"column":0},"end":{"line":356,"column":0}},"356":{"start":{"line":357,"column":0},"end":{"line":357,"column":27}},"357":{"start":{"line":358,"column":0},"end":{"line":358,"column":46}},"358":{"start":{"line":359,"column":0},"end":{"line":359,"column":0}},"359":{"start":{"line":360,"column":0},"end":{"line":360,"column":21}},"360":{"start":{"line":361,"column":0},"end":{"line":361,"column":1}},"361":{"start":{"line":362,"column":0},"end":{"line":362,"column":0}},"362":{"start":{"line":363,"column":0},"end":{"line":363,"column":3}},"363":{"start":{"line":364,"column":0},"end":{"line":364,"column":59}},"364":{"start":{"line":365,"column":0},"end":{"line":365,"column":3}},"365":{"start":{"line":366,"column":0},"end":{"line":366,"column":96}},"366":{"start":{"line":367,"column":0},"end":{"line":367,"column":36}},"367":{"start":{"line":368,"column":0},"end":{"line":368,"column":18}},"368":{"start":{"line":369,"column":0},"end":{"line":369,"column":5}},"369":{"start":{"line":370,"column":0},"end":{"line":370,"column":0}},"370":{"start":{"line":371,"column":0},"end":{"line":371,"column":57}},"371":{"start":{"line":372,"column":0},"end":{"line":372,"column":0}},"372":{"start":{"line":373,"column":0},"end":{"line":373,"column":19}},"373":{"start":{"line":374,"column":0},"end":{"line":374,"column":26}},"374":{"start":{"line":375,"column":0},"end":{"line":375,"column":76}},"375":{"start":{"line":376,"column":0},"end":{"line":376,"column":66}},"376":{"start":{"line":377,"column":0},"end":{"line":377,"column":5}},"377":{"start":{"line":378,"column":0},"end":{"line":378,"column":0}},"378":{"start":{"line":379,"column":0},"end":{"line":379,"column":47}},"379":{"start":{"line":380,"column":0},"end":{"line":380,"column":32}},"380":{"start":{"line":381,"column":0},"end":{"line":381,"column":49}},"381":{"start":{"line":382,"column":0},"end":{"line":382,"column":5}},"382":{"start":{"line":383,"column":0},"end":{"line":383,"column":0}},"383":{"start":{"line":384,"column":0},"end":{"line":384,"column":56}},"384":{"start":{"line":385,"column":0},"end":{"line":385,"column":29}},"385":{"start":{"line":386,"column":0},"end":{"line":386,"column":52}},"386":{"start":{"line":387,"column":0},"end":{"line":387,"column":58}},"387":{"start":{"line":388,"column":0},"end":{"line":388,"column":31}},"388":{"start":{"line":389,"column":0},"end":{"line":389,"column":39}},"389":{"start":{"line":390,"column":0},"end":{"line":390,"column":54}},"390":{"start":{"line":391,"column":0},"end":{"line":391,"column":78}},"391":{"start":{"line":392,"column":0},"end":{"line":392,"column":31}},"392":{"start":{"line":393,"column":0},"end":{"line":393,"column":27}},"393":{"start":{"line":394,"column":0},"end":{"line":394,"column":35}},"394":{"start":{"line":395,"column":0},"end":{"line":395,"column":27}},"395":{"start":{"line":396,"column":0},"end":{"line":396,"column":24}},"396":{"start":{"line":397,"column":0},"end":{"line":397,"column":26}},"397":{"start":{"line":398,"column":0},"end":{"line":398,"column":35}},"398":{"start":{"line":399,"column":0},"end":{"line":399,"column":35}},"399":{"start":{"line":400,"column":0},"end":{"line":400,"column":6}},"400":{"start":{"line":401,"column":0},"end":{"line":401,"column":0}},"401":{"start":{"line":402,"column":0},"end":{"line":402,"column":9}},"402":{"start":{"line":403,"column":0},"end":{"line":403,"column":67}},"403":{"start":{"line":404,"column":0},"end":{"line":404,"column":21}},"404":{"start":{"line":405,"column":0},"end":{"line":405,"column":63}},"405":{"start":{"line":406,"column":0},"end":{"line":406,"column":46}},"406":{"start":{"line":407,"column":0},"end":{"line":407,"column":48}},"407":{"start":{"line":408,"column":0},"end":{"line":408,"column":5}},"408":{"start":{"line":409,"column":0},"end":{"line":409,"column":0}},"409":{"start":{"line":410,"column":0},"end":{"line":410,"column":21}},"410":{"start":{"line":411,"column":0},"end":{"line":411,"column":1}},"411":{"start":{"line":412,"column":0},"end":{"line":412,"column":0}},"412":{"start":{"line":413,"column":0},"end":{"line":413,"column":3}},"413":{"start":{"line":414,"column":0},"end":{"line":414,"column":72}},"414":{"start":{"line":415,"column":0},"end":{"line":415,"column":3}},"415":{"start":{"line":416,"column":0},"end":{"line":416,"column":60}},"416":{"start":{"line":417,"column":0},"end":{"line":417,"column":32}},"417":{"start":{"line":418,"column":0},"end":{"line":418,"column":24}},"418":{"start":{"line":419,"column":0},"end":{"line":419,"column":24}},"419":{"start":{"line":420,"column":0},"end":{"line":420,"column":7}},"420":{"start":{"line":421,"column":0},"end":{"line":421,"column":1}},"421":{"start":{"line":422,"column":0},"end":{"line":422,"column":0}},"422":{"start":{"line":423,"column":0},"end":{"line":423,"column":3}},"423":{"start":{"line":424,"column":0},"end":{"line":424,"column":46}},"424":{"start":{"line":425,"column":0},"end":{"line":425,"column":3}},"425":{"start":{"line":426,"column":0},"end":{"line":426,"column":63}},"426":{"start":{"line":427,"column":0},"end":{"line":427,"column":34}},"427":{"start":{"line":428,"column":0},"end":{"line":428,"column":18}},"428":{"start":{"line":429,"column":0},"end":{"line":429,"column":5}},"429":{"start":{"line":430,"column":0},"end":{"line":430,"column":0}},"430":{"start":{"line":431,"column":0},"end":{"line":431,"column":42}},"431":{"start":{"line":432,"column":0},"end":{"line":432,"column":37}},"432":{"start":{"line":433,"column":0},"end":{"line":433,"column":0}},"433":{"start":{"line":434,"column":0},"end":{"line":434,"column":46}},"434":{"start":{"line":435,"column":0},"end":{"line":435,"column":21}},"435":{"start":{"line":436,"column":0},"end":{"line":436,"column":18}},"436":{"start":{"line":437,"column":0},"end":{"line":437,"column":5}},"437":{"start":{"line":438,"column":0},"end":{"line":438,"column":0}},"438":{"start":{"line":439,"column":0},"end":{"line":439,"column":49}},"439":{"start":{"line":440,"column":0},"end":{"line":440,"column":9}},"440":{"start":{"line":441,"column":0},"end":{"line":441,"column":42}},"441":{"start":{"line":442,"column":0},"end":{"line":442,"column":0}},"442":{"start":{"line":443,"column":0},"end":{"line":443,"column":31}},"443":{"start":{"line":444,"column":0},"end":{"line":444,"column":53}},"444":{"start":{"line":445,"column":0},"end":{"line":445,"column":55}},"445":{"start":{"line":446,"column":0},"end":{"line":446,"column":57}},"446":{"start":{"line":447,"column":0},"end":{"line":447,"column":11}},"447":{"start":{"line":448,"column":0},"end":{"line":448,"column":0}},"448":{"start":{"line":449,"column":0},"end":{"line":449,"column":38}},"449":{"start":{"line":450,"column":0},"end":{"line":450,"column":21}},"450":{"start":{"line":451,"column":0},"end":{"line":451,"column":62}},"451":{"start":{"line":452,"column":0},"end":{"line":452,"column":59}},"452":{"start":{"line":453,"column":0},"end":{"line":453,"column":5}},"453":{"start":{"line":454,"column":0},"end":{"line":454,"column":0}},"454":{"start":{"line":455,"column":0},"end":{"line":455,"column":21}},"455":{"start":{"line":456,"column":0},"end":{"line":456,"column":1}},"456":{"start":{"line":457,"column":0},"end":{"line":457,"column":0}},"457":{"start":{"line":458,"column":0},"end":{"line":458,"column":3}},"458":{"start":{"line":459,"column":0},"end":{"line":459,"column":76}},"459":{"start":{"line":460,"column":0},"end":{"line":460,"column":3}},"460":{"start":{"line":461,"column":0},"end":{"line":461,"column":25}},"461":{"start":{"line":462,"column":0},"end":{"line":462,"column":15}},"462":{"start":{"line":463,"column":0},"end":{"line":463,"column":43}},"463":{"start":{"line":464,"column":0},"end":{"line":464,"column":45}},"464":{"start":{"line":465,"column":0},"end":{"line":465,"column":11}},"465":{"start":{"line":466,"column":0},"end":{"line":466,"column":19}},"466":{"start":{"line":467,"column":0},"end":{"line":467,"column":20}},"467":{"start":{"line":468,"column":0},"end":{"line":468,"column":55}},"468":{"start":{"line":469,"column":0},"end":{"line":469,"column":19}},"469":{"start":{"line":470,"column":0},"end":{"line":470,"column":59}},"470":{"start":{"line":471,"column":0},"end":{"line":471,"column":20}},"471":{"start":{"line":472,"column":0},"end":{"line":472,"column":16}},"472":{"start":{"line":473,"column":0},"end":{"line":473,"column":47}},"473":{"start":{"line":474,"column":0},"end":{"line":474,"column":5}},"474":{"start":{"line":475,"column":0},"end":{"line":475,"column":1}},"475":{"start":{"line":476,"column":0},"end":{"line":476,"column":0}},"476":{"start":{"line":477,"column":0},"end":{"line":477,"column":3}},"477":{"start":{"line":478,"column":0},"end":{"line":478,"column":52}},"478":{"start":{"line":479,"column":0},"end":{"line":479,"column":3}},"479":{"start":{"line":480,"column":0},"end":{"line":480,"column":84}},"480":{"start":{"line":481,"column":0},"end":{"line":481,"column":54}},"481":{"start":{"line":482,"column":0},"end":{"line":482,"column":31}},"482":{"start":{"line":483,"column":0},"end":{"line":483,"column":19}},"483":{"start":{"line":484,"column":0},"end":{"line":484,"column":23}},"484":{"start":{"line":485,"column":0},"end":{"line":485,"column":21}},"485":{"start":{"line":486,"column":0},"end":{"line":486,"column":19}},"486":{"start":{"line":487,"column":0},"end":{"line":487,"column":19}},"487":{"start":{"line":488,"column":0},"end":{"line":488,"column":18}},"488":{"start":{"line":489,"column":0},"end":{"line":489,"column":30}},"489":{"start":{"line":490,"column":0},"end":{"line":490,"column":21}},"490":{"start":{"line":491,"column":0},"end":{"line":491,"column":6}},"491":{"start":{"line":492,"column":0},"end":{"line":492,"column":0}},"492":{"start":{"line":493,"column":0},"end":{"line":493,"column":80}},"493":{"start":{"line":494,"column":0},"end":{"line":494,"column":91}},"494":{"start":{"line":495,"column":0},"end":{"line":495,"column":93}},"495":{"start":{"line":496,"column":0},"end":{"line":496,"column":0}},"496":{"start":{"line":497,"column":0},"end":{"line":497,"column":86}},"497":{"start":{"line":498,"column":0},"end":{"line":498,"column":1}},"498":{"start":{"line":499,"column":0},"end":{"line":499,"column":0}},"499":{"start":{"line":500,"column":0},"end":{"line":500,"column":3}},"500":{"start":{"line":501,"column":0},"end":{"line":501,"column":66}},"501":{"start":{"line":502,"column":0},"end":{"line":502,"column":3}},"502":{"start":{"line":503,"column":0},"end":{"line":503,"column":28}}},"s":{"0":1,"1":1,"2":1,"3":1,"4":1,"5":1,"6":1,"7":1,"8":1,"9":1,"10":1,"11":1,"12":1,"13":1,"14":1,"15":1,"16":1,"17":1,"18":1,"19":1,"20":1,"21":1,"22":1,"23":1,"24":1,"25":1,"26":1,"27":1,"28":1,"29":1,"30":1,"31":1,"32":1,"33":1,"34":1,"35":1,"36":1,"37":1,"38":1,"39":1,"40":1,"41":1,"42":1,"43":1,"44":1,"45":1,"46":1,"47":1,"48":1,"49":1,"50":1,"51":1,"52":1,"53":1,"54":1,"55":1,"56":1,"57":1,"58":1,"59":1,"60":1,"61":1,"62":1,"63":1,"64":1,"65":1,"66":1,"67":1,"68":1,"69":1,"70":1,"71":1,"72":1,"73":1,"74":1,"75":1,"76":1,"77":1,"78":1,"79":1,"80":1,"81":1,"82":1,"83":1,"84":1,"85":1,"86":1,"87":1,"88":1,"89":1,"90":1,"91":1,"92":1,"93":1,"94":1,"95":1,"96":1,"97":1,"98":1,"99":1,"100":1,"101":1,"102":1,"103":1,"104":1,"105":1,"106":1,"107":1,"108":1,"109":1,"110":1,"111":1,"112":1,"113":1,"114":1,"115":1,"116":1,"117":1,"118":1,"119":1,"120":1,"121":1,"122":1,"123":1,"124":1,"125":1,"126":1,"127":1,"128":1,"129":1,"130":1,"131":1,"132":1,"133":1,"134":1,"135":1,"136":1,"137":1,"138":1,"139":1,"140":1,"141":1,"142":1,"143":1,"144":1,"145":1,"146":1,"147":1,"148":1,"149":1,"150":1,"151":1,"152":1,"153":1,"154":1,"155":1,"156":1,"157":1,"158":1,"159":1,"160":1,"161":1,"162":1,"163":1,"164":1,"165":1,"166":1,"167":1,"168":1,"169":1,"170":1,"171":1,"172":1,"173":1,"174":1,"175":1,"176":1,"177":1,"178":1,"179":1,"180":1,"181":1,"182":1,"183":1,"184":1,"185":1,"186":1,"187":1,"188":1,"189":1,"190":1,"191":1,"192":138,"193":138,"194":2,"195":2,"196":136,"197":138,"198":1,"199":2,"200":1,"201":138,"202":135,"203":50,"204":135,"205":135,"206":138,"207":1,"208":1,"209":1,"210":1,"211":16,"212":16,"213":2,"214":2,"215":14,"216":14,"217":14,"218":14,"219":16,"220":147,"221":8,"222":8,"223":147,"224":6,"225":6,"226":6,"227":16,"228":111,"229":1,"230":1,"231":111,"232":5,"233":5,"234":5,"235":1,"236":1,"237":1,"238":1,"239":414,"240":414,"241":0,"242":0,"243":414,"244":414,"245":414,"246":414,"247":414,"248":32292,"249":32292,"250":32292,"251":414,"252":414,"253":414,"254":414,"255":414,"256":414,"257":414,"258":414,"259":414,"260":414,"261":414,"262":414,"263":414,"264":1,"265":1,"266":1,"267":1,"268":144,"269":144,"270":0,"271":0,"272":144,"273":144,"274":144,"275":144,"276":276,"277":276,"278":276,"279":276,"280":276,"281":276,"282":276,"283":276,"284":276,"285":276,"286":276,"287":276,"288":276,"289":276,"290":276,"291":276,"292":276,"293":276,"294":276,"295":276,"296":276,"297":276,"298":276,"299":276,"300":276,"301":276,"302":276,"303":276,"304":276,"305":276,"306":276,"307":276,"308":276,"309":276,"310":276,"311":276,"312":276,"313":276,"314":276,"315":276,"316":276,"317":276,"318":276,"319":276,"320":276,"321":276,"322":276,"323":276,"324":276,"325":144,"326":144,"327":276,"328":144,"329":144,"330":144,"331":1,"332":1,"333":1,"334":1,"335":136,"336":136,"337":4,"338":4,"339":132,"340":132,"341":132,"342":132,"343":132,"344":136,"345":4,"346":4,"347":132,"348":132,"349":132,"350":132,"351":132,"352":132,"353":132,"354":132,"355":132,"356":132,"357":132,"358":132,"359":132,"360":132,"361":1,"362":1,"363":1,"364":1,"365":4,"366":4,"367":0,"368":0,"369":4,"370":4,"371":4,"372":4,"373":4,"374":4,"375":0,"376":0,"377":4,"378":4,"379":4,"380":4,"381":4,"382":4,"383":4,"384":4,"385":4,"386":4,"387":4,"388":4,"389":4,"390":4,"391":4,"392":4,"393":4,"394":4,"395":4,"396":4,"397":4,"398":4,"399":4,"400":4,"401":4,"402":4,"403":4,"404":0,"405":0,"406":0,"407":0,"408":4,"409":4,"410":4,"411":1,"412":1,"413":1,"414":1,"415":6,"416":6,"417":6,"418":6,"419":6,"420":6,"421":1,"422":1,"423":1,"424":1,"425":5,"426":5,"427":0,"428":0,"429":5,"430":5,"431":5,"432":5,"433":5,"434":5,"435":3,"436":3,"437":2,"438":2,"439":2,"440":2,"441":2,"442":2,"443":2,"444":1,"445":1,"446":2,"447":2,"448":2,"449":5,"450":1,"451":1,"452":1,"453":2,"454":2,"455":2,"456":1,"457":1,"458":1,"459":1,"460":4,"461":4,"462":4,"463":4,"464":4,"465":4,"466":4,"467":1,"468":4,"469":1,"470":4,"471":4,"472":2,"473":4,"474":4,"475":1,"476":1,"477":1,"478":1,"479":3,"480":3,"481":3,"482":3,"483":3,"484":3,"485":3,"486":3,"487":3,"488":3,"489":3,"490":3,"491":3,"492":3,"493":3,"494":3,"495":3,"496":3,"497":3,"498":1,"499":1,"500":1,"501":1,"502":1},"branchMap":{"0":{"type":"branch","line":193,"loc":{"start":{"line":193,"column":0},"end":{"line":207,"column":1}},"locations":[{"start":{"line":193,"column":0},"end":{"line":207,"column":1}}]},"1":{"type":"branch","line":194,"loc":{"start":{"line":194,"column":35},"end":{"line":196,"column":5}},"locations":[{"start":{"line":194,"column":35},"end":{"line":196,"column":5}}]},"2":{"type":"branch","line":197,"loc":{"start":{"line":197,"column":-2},"end":{"line":198,"column":18}},"locations":[{"start":{"line":197,"column":-2},"end":{"line":198,"column":18}}]},"3":{"type":"branch","line":198,"loc":{"start":{"line":198,"column":18},"end":{"line":202,"column":5}},"locations":[{"start":{"line":198,"column":18},"end":{"line":202,"column":5}}]},"4":{"type":"branch","line":202,"loc":{"start":{"line":202,"column":5},"end":{"line":206,"column":5}},"locations":[{"start":{"line":202,"column":5},"end":{"line":206,"column":5}}]},"5":{"type":"branch","line":199,"loc":{"start":{"line":199,"column":70},"end":{"line":201,"column":9}},"locations":[{"start":{"line":199,"column":70},"end":{"line":201,"column":9}}]},"6":{"type":"branch","line":200,"loc":{"start":{"line":200,"column":48},"end":{"line":200,"column":57}},"locations":[{"start":{"line":200,"column":48},"end":{"line":200,"column":57}}]},"7":{"type":"branch","line":203,"loc":{"start":{"line":203,"column":50},"end":{"line":205,"column":9}},"locations":[{"start":{"line":203,"column":50},"end":{"line":205,"column":9}}]},"8":{"type":"branch","line":204,"loc":{"start":{"line":204,"column":39},"end":{"line":204,"column":48}},"locations":[{"start":{"line":204,"column":39},"end":{"line":204,"column":48}}]},"9":{"type":"branch","line":212,"loc":{"start":{"line":212,"column":0},"end":{"line":235,"column":1}},"locations":[{"start":{"line":212,"column":0},"end":{"line":235,"column":1}}]},"10":{"type":"branch","line":213,"loc":{"start":{"line":213,"column":33},"end":{"line":215,"column":5}},"locations":[{"start":{"line":213,"column":33},"end":{"line":215,"column":5}}]},"11":{"type":"branch","line":216,"loc":{"start":{"line":216,"column":-2},"end":{"line":220,"column":44}},"locations":[{"start":{"line":216,"column":-2},"end":{"line":220,"column":44}}]},"12":{"type":"branch","line":220,"loc":{"start":{"line":220,"column":44},"end":{"line":224,"column":5}},"locations":[{"start":{"line":220,"column":44},"end":{"line":224,"column":5}}]},"13":{"type":"branch","line":221,"loc":{"start":{"line":221,"column":43},"end":{"line":223,"column":9}},"locations":[{"start":{"line":221,"column":43},"end":{"line":223,"column":9}}]},"14":{"type":"branch","line":225,"loc":{"start":{"line":225,"column":-2},"end":{"line":228,"column":44}},"locations":[{"start":{"line":225,"column":-2},"end":{"line":228,"column":44}}]},"15":{"type":"branch","line":228,"loc":{"start":{"line":228,"column":44},"end":{"line":232,"column":5}},"locations":[{"start":{"line":228,"column":44},"end":{"line":232,"column":5}}]},"16":{"type":"branch","line":229,"loc":{"start":{"line":229,"column":43},"end":{"line":231,"column":9}},"locations":[{"start":{"line":229,"column":43},"end":{"line":231,"column":9}}]},"17":{"type":"branch","line":233,"loc":{"start":{"line":233,"column":-2},"end":{"line":235,"column":1}},"locations":[{"start":{"line":233,"column":-2},"end":{"line":235,"column":1}}]},"18":{"type":"branch","line":240,"loc":{"start":{"line":240,"column":0},"end":{"line":264,"column":1}},"locations":[{"start":{"line":240,"column":0},"end":{"line":264,"column":1}}]},"19":{"type":"branch","line":241,"loc":{"start":{"line":241,"column":35},"end":{"line":243,"column":5}},"locations":[{"start":{"line":241,"column":35},"end":{"line":243,"column":5}}]},"20":{"type":"branch","line":248,"loc":{"start":{"line":248,"column":42},"end":{"line":251,"column":5}},"locations":[{"start":{"line":248,"column":42},"end":{"line":251,"column":5}}]},"21":{"type":"branch","line":269,"loc":{"start":{"line":269,"column":0},"end":{"line":331,"column":1}},"locations":[{"start":{"line":269,"column":0},"end":{"line":331,"column":1}}]},"22":{"type":"branch","line":270,"loc":{"start":{"line":270,"column":35},"end":{"line":272,"column":5}},"locations":[{"start":{"line":270,"column":35},"end":{"line":272,"column":5}}]},"23":{"type":"branch","line":276,"loc":{"start":{"line":276,"column":37},"end":{"line":328,"column":5}},"locations":[{"start":{"line":276,"column":37},"end":{"line":328,"column":5}}]},"24":{"type":"branch","line":325,"loc":{"start":{"line":325,"column":36},"end":{"line":327,"column":9}},"locations":[{"start":{"line":325,"column":36},"end":{"line":327,"column":9}}]},"25":{"type":"branch","line":336,"loc":{"start":{"line":336,"column":0},"end":{"line":361,"column":1}},"locations":[{"start":{"line":336,"column":0},"end":{"line":361,"column":1}}]},"26":{"type":"branch","line":337,"loc":{"start":{"line":337,"column":22},"end":{"line":337,"column":45}},"locations":[{"start":{"line":337,"column":22},"end":{"line":337,"column":45}}]},"27":{"type":"branch","line":337,"loc":{"start":{"line":337,"column":47},"end":{"line":339,"column":5}},"locations":[{"start":{"line":337,"column":47},"end":{"line":339,"column":5}}]},"28":{"type":"branch","line":340,"loc":{"start":{"line":340,"column":-2},"end":{"line":345,"column":73}},"locations":[{"start":{"line":340,"column":-2},"end":{"line":345,"column":73}}]},"29":{"type":"branch","line":345,"loc":{"start":{"line":345,"column":75},"end":{"line":347,"column":5}},"locations":[{"start":{"line":345,"column":75},"end":{"line":347,"column":5}}]},"30":{"type":"branch","line":348,"loc":{"start":{"line":348,"column":-2},"end":{"line":361,"column":1}},"locations":[{"start":{"line":348,"column":-2},"end":{"line":361,"column":1}}]},"31":{"type":"branch","line":366,"loc":{"start":{"line":366,"column":0},"end":{"line":411,"column":1}},"locations":[{"start":{"line":366,"column":0},"end":{"line":411,"column":1}}]},"32":{"type":"branch","line":367,"loc":{"start":{"line":367,"column":35},"end":{"line":369,"column":5}},"locations":[{"start":{"line":367,"column":35},"end":{"line":369,"column":5}}]},"33":{"type":"branch","line":375,"loc":{"start":{"line":375,"column":75},"end":{"line":377,"column":5}},"locations":[{"start":{"line":375,"column":75},"end":{"line":377,"column":5}}]},"34":{"type":"branch","line":386,"loc":{"start":{"line":386,"column":45},"end":{"line":386,"column":51}},"locations":[{"start":{"line":386,"column":45},"end":{"line":386,"column":51}}]},"35":{"type":"branch","line":387,"loc":{"start":{"line":387,"column":51},"end":{"line":387,"column":57}},"locations":[{"start":{"line":387,"column":51},"end":{"line":387,"column":57}}]},"36":{"type":"branch","line":392,"loc":{"start":{"line":392,"column":12},"end":{"line":392,"column":30}},"locations":[{"start":{"line":392,"column":12},"end":{"line":392,"column":30}}]},"37":{"type":"branch","line":404,"loc":{"start":{"line":404,"column":6},"end":{"line":408,"column":5}},"locations":[{"start":{"line":404,"column":6},"end":{"line":408,"column":5}}]},"38":{"type":"branch","line":416,"loc":{"start":{"line":416,"column":0},"end":{"line":421,"column":1}},"locations":[{"start":{"line":416,"column":0},"end":{"line":421,"column":1}}]},"39":{"type":"branch","line":426,"loc":{"start":{"line":426,"column":0},"end":{"line":456,"column":1}},"locations":[{"start":{"line":426,"column":0},"end":{"line":456,"column":1}}]},"40":{"type":"branch","line":427,"loc":{"start":{"line":427,"column":33},"end":{"line":429,"column":5}},"locations":[{"start":{"line":427,"column":33},"end":{"line":429,"column":5}}]},"41":{"type":"branch","line":435,"loc":{"start":{"line":435,"column":20},"end":{"line":437,"column":5}},"locations":[{"start":{"line":435,"column":20},"end":{"line":437,"column":5}}]},"42":{"type":"branch","line":438,"loc":{"start":{"line":438,"column":-2},"end":{"line":450,"column":13}},"locations":[{"start":{"line":438,"column":-2},"end":{"line":450,"column":13}}]},"43":{"type":"branch","line":450,"loc":{"start":{"line":450,"column":6},"end":{"line":453,"column":5}},"locations":[{"start":{"line":450,"column":6},"end":{"line":453,"column":5}}]},"44":{"type":"branch","line":454,"loc":{"start":{"line":454,"column":-2},"end":{"line":456,"column":1}},"locations":[{"start":{"line":454,"column":-2},"end":{"line":456,"column":1}}]},"45":{"type":"branch","line":444,"loc":{"start":{"line":444,"column":36},"end":{"line":447,"column":9}},"locations":[{"start":{"line":444,"column":36},"end":{"line":447,"column":9}}]},"46":{"type":"branch","line":461,"loc":{"start":{"line":461,"column":0},"end":{"line":475,"column":1}},"locations":[{"start":{"line":461,"column":0},"end":{"line":475,"column":1}}]},"47":{"type":"branch","line":467,"loc":{"start":{"line":467,"column":8},"end":{"line":468,"column":55}},"locations":[{"start":{"line":467,"column":8},"end":{"line":468,"column":55}}]},"48":{"type":"branch","line":469,"loc":{"start":{"line":469,"column":8},"end":{"line":470,"column":59}},"locations":[{"start":{"line":469,"column":8},"end":{"line":470,"column":59}}]},"49":{"type":"branch","line":471,"loc":{"start":{"line":471,"column":8},"end":{"line":471,"column":20}},"locations":[{"start":{"line":471,"column":8},"end":{"line":471,"column":20}}]},"50":{"type":"branch","line":472,"loc":{"start":{"line":472,"column":8},"end":{"line":473,"column":47}},"locations":[{"start":{"line":472,"column":8},"end":{"line":473,"column":47}}]},"51":{"type":"branch","line":480,"loc":{"start":{"line":480,"column":0},"end":{"line":498,"column":1}},"locations":[{"start":{"line":480,"column":0},"end":{"line":498,"column":1}}]},"52":{"type":"branch","line":497,"loc":{"start":{"line":497,"column":33},"end":{"line":497,"column":85}},"locations":[{"start":{"line":497,"column":33},"end":{"line":497,"column":85}}]},"53":{"type":"branch","line":497,"loc":{"start":{"line":497,"column":58},"end":{"line":497,"column":84}},"locations":[{"start":{"line":497,"column":58},"end":{"line":497,"column":84}}]},"54":{"type":"branch","line":494,"loc":{"start":{"line":494,"column":56},"end":{"line":494,"column":89}},"locations":[{"start":{"line":494,"column":56},"end":{"line":494,"column":89}}]},"55":{"type":"branch","line":495,"loc":{"start":{"line":495,"column":57},"end":{"line":495,"column":91}},"locations":[{"start":{"line":495,"column":57},"end":{"line":495,"column":91}}]}},"b":{"0":[138],"1":[2],"2":[136],"3":[1],"4":[135],"5":[2],"6":[0],"7":[50],"8":[0],"9":[16],"10":[2],"11":[14],"12":[147],"13":[8],"14":[6],"15":[111],"16":[1],"17":[5],"18":[414],"19":[0],"20":[32292],"21":[144],"22":[0],"23":[276],"24":[144],"25":[136],"26":[134],"27":[4],"28":[132],"29":[4],"30":[132],"31":[4],"32":[0],"33":[0],"34":[0],"35":[0],"36":[0],"37":[0],"38":[6],"39":[5],"40":[0],"41":[3],"42":[2],"43":[1],"44":[2],"45":[1],"46":[4],"47":[1],"48":[1],"49":[2],"50":[2],"51":[3],"52":[2],"53":[1],"54":[10],"55":[17]},"fnMap":{"0":{"name":"encodeHtmlEntities","decl":{"start":{"line":193,"column":0},"end":{"line":207,"column":1}},"loc":{"start":{"line":193,"column":0},"end":{"line":207,"column":1}},"line":193},"1":{"name":"sanitizeUrl","decl":{"start":{"line":212,"column":0},"end":{"line":235,"column":1}},"loc":{"start":{"line":212,"column":0},"end":{"line":235,"column":1}},"line":212},"2":{"name":"removeEventHandlers","decl":{"start":{"line":240,"column":0},"end":{"line":264,"column":1}},"loc":{"start":{"line":240,"column":0},"end":{"line":264,"column":1}},"line":240},"3":{"name":"multiPassSanitize","decl":{"start":{"line":269,"column":0},"end":{"line":331,"column":1}},"loc":{"start":{"line":269,"column":0},"end":{"line":331,"column":1}},"line":269},"4":{"name":"sanitizeText","decl":{"start":{"line":336,"column":0},"end":{"line":361,"column":1}},"loc":{"start":{"line":336,"column":0},"end":{"line":361,"column":1}},"line":336},"5":{"name":"sanitizeHtml","decl":{"start":{"line":366,"column":0},"end":{"line":411,"column":1}},"loc":{"start":{"line":366,"column":0},"end":{"line":411,"column":1}},"line":366},"6":{"name":"sanitizeParameterValue","decl":{"start":{"line":416,"column":0},"end":{"line":421,"column":1}},"loc":{"start":{"line":416,"column":0},"end":{"line":421,"column":1}},"line":416},"7":{"name":"sanitizeUrlComprehensive","decl":{"start":{"line":426,"column":0},"end":{"line":456,"column":1}},"loc":{"start":{"line":426,"column":0},"end":{"line":456,"column":1}},"line":426},"8":{"name":"sanitize","decl":{"start":{"line":461,"column":0},"end":{"line":475,"column":1}},"loc":{"start":{"line":461,"column":0},"end":{"line":475,"column":1}},"line":461},"9":{"name":"validateSanitization","decl":{"start":{"line":480,"column":0},"end":{"line":498,"column":1}},"loc":{"start":{"line":480,"column":0},"end":{"line":498,"column":1}},"line":480}},"f":{"0":138,"1":16,"2":414,"3":144,"4":136,"5":4,"6":6,"7":5,"8":4,"9":3}}
}
