TN:
SF:src\components\layout\header\account-switcher.tsx
FN:32,handleClickOutside
FN:37,handleKeyDown
FN:131,onKeyDown
FN:203,onClick
FN:204,onKeyDown
FNF:5
FNH:3
FNDA:1,handleClickOutside
FNDA:1,handleKeyDown
FNDA:0,onKeyDown
FNDA:2,onClick
FNDA:0,onKeyDown
DA:1,1
DA:2,1
DA:3,1
DA:4,1
DA:5,1
DA:6,1
DA:7,1
DA:8,1
DA:9,1
DA:10,1
DA:11,1
DA:12,1
DA:13,1
DA:14,1
DA:15,1
DA:16,1
DA:17,1
DA:18,24
DA:19,24
DA:20,24
DA:21,24
DA:22,24
DA:23,24
DA:24,24
DA:25,24
DA:26,24
DA:27,24
DA:28,24
DA:29,24
DA:30,24
DA:31,24
DA:32,13
DA:33,1
DA:34,1
DA:35,1
DA:36,13
DA:37,13
DA:38,1
DA:39,13
DA:40,13
DA:41,13
DA:42,13
DA:43,13
DA:44,13
DA:45,13
DA:46,24
DA:47,24
DA:48,24
DA:49,11
DA:50,8
DA:51,24
DA:52,24
DA:53,24
DA:54,24
DA:55,1
DA:56,1
DA:57,1
DA:58,1
DA:59,1
DA:60,24
DA:61,24
DA:62,24
DA:63,24
DA:64,24
DA:65,24
DA:66,24
DA:67,25
DA:68,25
DA:69,1
DA:70,1
DA:71,25
DA:72,24
DA:73,24
DA:74,24
DA:75,24
DA:76,24
DA:77,13
DA:78,13
DA:79,13
DA:80,25
DA:81,25
DA:82,25
DA:83,25
DA:84,25
DA:85,25
DA:86,25
DA:87,25
DA:88,25
DA:89,25
DA:90,25
DA:91,25
DA:92,25
DA:93,25
DA:94,13
DA:95,13
DA:96,24
DA:97,24
DA:98,24
DA:99,23
DA:100,23
DA:101,24
DA:102,24
DA:103,24
DA:104,24
DA:105,24
DA:106,24
DA:107,24
DA:108,24
DA:109,24
DA:110,24
DA:111,24
DA:112,24
DA:113,24
DA:114,24
DA:115,24
DA:116,24
DA:117,24
DA:118,24
DA:119,24
DA:120,24
DA:121,24
DA:122,24
DA:123,24
DA:124,24
DA:125,24
DA:126,24
DA:127,24
DA:128,24
DA:129,24
DA:130,24
DA:131,24
DA:132,0
DA:133,0
DA:134,0
DA:135,0
DA:136,24
DA:137,24
DA:138,24
DA:139,24
DA:140,24
DA:141,24
DA:142,24
DA:143,24
DA:144,24
DA:145,24
DA:146,0
DA:147,24
DA:148,0
DA:149,23
DA:150,23
DA:151,24
DA:152,24
DA:153,24
DA:154,20
DA:155,20
DA:156,20
DA:157,20
DA:158,20
DA:159,20
DA:160,20
DA:161,20
DA:162,20
DA:163,20
DA:164,20
DA:165,20
DA:166,20
DA:167,20
DA:168,20
DA:169,24
DA:170,24
DA:171,24
DA:172,23
DA:173,23
DA:174,23
DA:175,23
DA:176,23
DA:177,23
DA:178,23
DA:179,23
DA:180,0
DA:181,23
DA:182,23
DA:183,23
DA:184,23
DA:185,23
DA:186,24
DA:187,24
DA:188,24
DA:189,24
DA:190,24
DA:191,24
DA:192,8
DA:193,8
DA:194,16
DA:195,16
DA:196,16
DA:197,16
DA:198,16
DA:199,16
DA:200,16
DA:201,16
DA:202,16
DA:203,16
DA:204,16
DA:205,0
DA:206,0
DA:207,0
DA:208,0
DA:209,16
DA:210,16
DA:211,16
DA:212,16
DA:213,16
DA:214,16
DA:215,16
DA:216,16
DA:217,16
DA:218,8
DA:219,16
DA:220,8
DA:221,16
DA:222,16
DA:223,16
DA:224,16
DA:225,16
DA:226,16
DA:227,0
DA:228,16
DA:229,16
DA:230,16
DA:231,16
DA:232,16
DA:233,8
DA:234,8
DA:235,24
DA:236,24
DA:237,24
DA:238,1
DA:239,1
DA:240,1
LF:240
LH:228
BRDA:17,0,0,24
BRDA:21,1,0,0
BRDA:28,2,0,23
BRDA:98,3,0,1
BRDA:99,4,0,23
BRDA:101,5,0,22
BRDA:106,6,0,2
BRDA:107,7,0,2
BRDA:108,8,0,2
BRDA:112,9,0,0
BRDA:113,10,0,0
BRDA:114,11,0,23
BRDA:122,12,0,20
BRDA:122,13,0,3
BRDA:123,14,0,20
BRDA:123,15,0,3
BRDA:124,16,0,20
BRDA:124,17,0,3
BRDA:125,18,0,20
BRDA:125,19,0,3
BRDA:127,20,0,0
BRDA:140,21,0,0
BRDA:140,22,0,0
BRDA:140,23,0,23
BRDA:145,24,0,0
BRDA:147,25,0,23
BRDA:147,26,0,0
BRDA:153,27,0,20
BRDA:171,28,0,0
BRDA:171,29,0,23
BRDA:176,30,0,0
BRDA:179,31,0,0
BRDA:191,32,0,8
BRDA:31,33,0,13
BRDA:32,34,0,1
BRDA:37,35,0,1
BRDA:42,36,0,13
BRDA:48,37,0,11
BRDA:49,38,0,9
BRDA:49,39,0,3
BRDA:50,40,0,8
BRDA:50,41,0,8
BRDA:54,42,0,1
BRDA:66,43,0,25
BRDA:68,44,0,2
BRDA:68,45,0,1
BRDA:68,46,0,1
BRDA:71,47,0,24
BRDA:71,48,0,0
BRDA:76,49,0,13
BRDA:77,50,0,0
BRDA:79,51,0,25
BRDA:83,52,0,2
BRDA:84,53,0,1
BRDA:92,54,0,12
BRDA:95,55,0,12
BRDA:95,56,0,1
BRDA:95,57,0,11
BRDA:95,58,0,0
BRDA:193,59,0,16
BRDA:217,60,0,8
BRDA:219,61,0,8
BRDA:226,62,0,0
BRDA:203,63,0,2
BRDA:203,64,0,1
BRF:65
BRH:50
end_of_record
TN:
SF:src\utils\marketing-balance.ts
FN:65,balKey
FN:68,refKey
FN:73,isMarketingCR
FN:78,getDefaultBalance
FN:83,getMarketingCurrency
FN:92,getMarketingDemoLoginid
FN:97,getMarketingRealLoginid
FN:108,getAutoDetectedCopyTradingLeader
FN:128,initMarketingBalance
FN:155,applyDerivUpdate
FN:183,resetMarketingBalance
FN:194,getStoredMarketingBalance
FN:207,getMarketingTradingAccount
FNF:13
FNH:2
FNDA:0,balKey
FNDA:0,refKey
FNDA:1,isMarketingCR
FNDA:0,getDefaultBalance
FNDA:0,getMarketingCurrency
FNDA:0,getMarketingDemoLoginid
FNDA:0,getMarketingRealLoginid
FNDA:0,getAutoDetectedCopyTradingLeader
FNDA:0,initMarketingBalance
FNDA:0,applyDerivUpdate
FNDA:0,resetMarketingBalance
FNDA:0,getStoredMarketingBalance
FNDA:1,getMarketingTradingAccount
DA:1,1
DA:2,1
DA:3,1
DA:4,1
DA:5,1
DA:6,1
DA:7,1
DA:8,1
DA:9,1
DA:10,1
DA:11,1
DA:12,1
DA:13,1
DA:14,1
DA:15,1
DA:16,1
DA:17,1
DA:18,1
DA:19,1
DA:20,1
DA:21,1
DA:22,1
DA:23,1
DA:24,1
DA:25,1
DA:26,1
DA:27,1
DA:28,1
DA:29,1
DA:30,1
DA:31,1
DA:32,1
DA:33,1
DA:34,1
DA:35,1
DA:36,1
DA:37,1
DA:38,1
DA:39,1
DA:40,1
DA:41,1
DA:42,1
DA:43,1
DA:44,1
DA:45,1
DA:46,1
DA:47,1
DA:48,1
DA:49,1
DA:50,1
DA:51,1
DA:52,1
DA:53,1
DA:54,1
DA:55,1
DA:56,1
DA:57,1
DA:58,1
DA:59,1
DA:60,1
DA:61,1
DA:62,1
DA:63,1
DA:64,1
DA:65,1
DA:66,1
DA:67,1
DA:68,1
DA:69,1
DA:70,1
DA:71,1
DA:72,1
DA:73,1
DA:74,1
DA:75,1
DA:76,1
DA:77,1
DA:78,0
DA:79,0
DA:80,0
DA:81,1
DA:82,1
DA:83,0
DA:84,0
DA:85,0
DA:86,1
DA:87,1
DA:88,1
DA:89,1
DA:90,1
DA:91,1
DA:92,0
DA:93,0
DA:94,0
DA:95,1
DA:96,1
DA:97,0
DA:98,0
DA:99,0
DA:100,0
DA:101,1
DA:102,1
DA:103,1
DA:104,1
DA:105,1
DA:106,1
DA:107,1
DA:108,0
DA:109,0
DA:110,0
DA:111,0
DA:112,0
DA:113,0
DA:114,0
DA:115,0
DA:116,0
DA:117,1
DA:118,1
DA:119,1
DA:120,1
DA:121,1
DA:122,1
DA:123,1
DA:124,1
DA:125,1
DA:126,1
DA:127,1
DA:128,0
DA:129,0
DA:130,0
DA:131,0
DA:132,0
DA:133,0
DA:134,0
DA:135,0
DA:136,0
DA:137,0
DA:138,0
DA:139,0
DA:140,0
DA:141,0
DA:142,0
DA:143,0
DA:144,0
DA:145,0
DA:146,0
DA:147,0
DA:148,1
DA:149,1
DA:150,1
DA:151,1
DA:152,1
DA:153,1
DA:154,1
DA:155,0
DA:156,0
DA:157,0
DA:158,0
DA:159,0
DA:160,0
DA:161,0
DA:162,0
DA:163,0
DA:164,0
DA:165,0
DA:166,0
DA:167,0
DA:168,0
DA:169,0
DA:170,0
DA:171,0
DA:172,0
DA:173,0
DA:174,0
DA:175,0
DA:176,0
DA:177,1
DA:178,1
DA:179,1
DA:180,1
DA:181,1
DA:182,1
DA:183,0
DA:184,0
DA:185,0
DA:186,0
DA:187,0
DA:188,0
DA:189,1
DA:190,1
DA:191,1
DA:192,1
DA:193,1
DA:194,0
DA:195,0
DA:196,0
DA:197,0
DA:198,1
DA:199,1
DA:200,1
DA:201,1
DA:202,1
DA:203,1
DA:204,1
DA:205,1
DA:206,1
DA:207,1
DA:208,1
DA:209,0
DA:210,0
DA:211,0
DA:212,1
DA:213,1
LF:213
LH:136
BRDA:73,0,0,1
BRDA:207,1,0,1
BRDA:208,2,0,0
BRF:3
BRH:2
end_of_record
